2025-01-28 14:55:41 [INFO] Fichier init chargée /Applications/MAMP/htdocs/UE4-projet/config/init.php
2025-01-28 14:55:41 [INFO] Connexion à la base de donnée réussi /Applications/MAMP/htdocs/UE4-projet/config/database.php
2025-01-28 14:55:41 [INFO] Récuperation de toutes les annonces publiées a réussi /Applications/MAMP/htdocs/UE4-projet/app/models/m_announcement.php
2025-01-28 14:56:20 [INFO] Fichier init chargée /Applications/MAMP/htdocs/UE4-projet/config/init.php
2025-01-28 14:56:20 [INFO] Connexion à la base de donnée réussi /Applications/MAMP/htdocs/UE4-projet/config/database.php
2025-01-28 14:56:20 [INFO] Récuperation de l' utilisateur ID : (1) a réussi /Applications/MAMP/htdocs/UE4-projet/app/models/m_user.php
2025-01-28 14:56:20 [INFO] Récuperation des status réussi /Applications/MAMP/htdocs/UE4-projet/app/models/m_statuses.php
2025-01-28 14:56:20 [INFO] Récuperation de toutes les annonces publiées utilisateu ID (1) a réussi /Applications/MAMP/htdocs/UE4-projet/app/models/m_announcement.php
2025-01-28 14:56:30 [INFO] Fichier init chargée /Applications/MAMP/htdocs/UE4-projet/config/init.php
2025-01-28 14:56:30 [INFO] Connexion à la base de donnée réussi /Applications/MAMP/htdocs/UE4-projet/config/database.php
2025-01-28 14:56:33 [INFO] Fichier init chargée /Applications/MAMP/htdocs/UE4-projet/config/init.php
2025-01-28 14:56:33 [INFO] Connexion à la base de donnée réussi /Applications/MAMP/htdocs/UE4-projet/config/database.php
2025-01-28 14:56:33 [INFO] Récuperation de toutes les annonces publiées a réussi /Applications/MAMP/htdocs/UE4-projet/app/models/m_announcement.php
2025-01-28 14:57:15 [INFO] Fichier init chargée /Applications/MAMP/htdocs/UE4-projet/config/init.php
2025-01-28 14:57:15 [INFO] Connexion à la base de donnée réussi /Applications/MAMP/htdocs/UE4-projet/config/database.php
2025-01-28 14:57:15 [INFO] Récuperation de l' utilisateur ID : (1) a réussi /Applications/MAMP/htdocs/UE4-projet/app/models/m_user.php
2025-01-28 14:57:15 [INFO] Récuperation des status réussi /Applications/MAMP/htdocs/UE4-projet/app/models/m_statuses.php
2025-01-28 14:57:15 [INFO] Récuperation de toutes les annonces publiées utilisateu ID (1) a réussi /Applications/MAMP/htdocs/UE4-projet/app/models/m_announcement.php
2025-01-28 14:57:21 [INFO] Fichier init chargée /Applications/MAMP/htdocs/UE4-projet/config/init.php
2025-01-28 14:57:21 [INFO] Connexion à la base de donnée réussi /Applications/MAMP/htdocs/UE4-projet/config/database.php
2025-01-28 14:57:28 [INFO] Fichier init chargée /Applications/MAMP/htdocs/UE4-projet/config/init.php
2025-01-28 14:57:28 [INFO] Connexion à la base de donnée réussi /Applications/MAMP/htdocs/UE4-projet/config/database.php
2025-01-28 14:57:28 [INFO] Récuperation de toutes les annonces publiées a réussi /Applications/MAMP/htdocs/UE4-projet/app/models/m_announcement.php
2025-01-28 14:57:46 [INFO] Fichier init chargée /Applications/MAMP/htdocs/UE4-projet/config/init.php
2025-01-28 14:57:46 [INFO] Connexion à la base de donnée réussi /Applications/MAMP/htdocs/UE4-projet/config/database.php
2025-01-28 14:57:46 [INFO] Fichier init chargée /Applications/MAMP/htdocs/UE4-projet/config/init.php
2025-01-28 14:57:46 [INFO] Connexion à la base de donnée réussi /Applications/MAMP/htdocs/UE4-projet/config/database.php
2025-01-28 14:58:12 [INFO] Fichier init chargée /Applications/MAMP/htdocs/UE4-projet/config/init.php
2025-01-28 14:58:12 [INFO] Connexion à la base de donnée réussi /Applications/MAMP/htdocs/UE4-projet/config/database.php
2025-01-28 14:58:12 [INFO] Récuperation des informations de l'admin a réussi /Applications/MAMP/htdocs/UE4-projet/app/models/m_user.php
2025-01-28 14:58:15 [INFO] Fichier init chargée /Applications/MAMP/htdocs/UE4-projet/config/init.php
2025-01-28 14:58:15 [INFO] Connexion à la base de donnée réussi /Applications/MAMP/htdocs/UE4-projet/config/database.php
2025-01-28 14:58:15 [INFO] Récuperation de toutes les annonces publiées a réussi /Applications/MAMP/htdocs/UE4-projet/app/models/m_announcement.php
2025-01-28 14:58:15 [INFO] Récuperation des utilisateurs a réussi /Applications/MAMP/htdocs/UE4-projet/app/models/m_user.php
2025-01-28 14:58:15 [INFO] Récuperation des catégories  réussi /Applications/MAMP/htdocs/UE4-projet/app/models/m_category.php
2025-01-28 14:58:15 [INFO] Récuperation des status réussi /Applications/MAMP/htdocs/UE4-projet/app/models/m_statuses.php
2025-01-28 15:01:20 [INFO] Fichier init chargée /Applications/MAMP/htdocs/UE4-projet/config/init.php
2025-01-28 15:01:20 [INFO] Connexion à la base de donnée réussi /Applications/MAMP/htdocs/UE4-projet/config/database.php
2025-01-28 15:05:35 [INFO] Fichier init chargée /Applications/MAMP/htdocs/UE4-projet/config/init.php
2025-01-28 15:05:35 [INFO] Connexion à la base de donnée réussi /Applications/MAMP/htdocs/UE4-projet/config/database.php
2025-01-28 15:10:59 [INFO] Fichier init chargée /Applications/MAMP/htdocs/UE4-projet/config/init.php
2025-01-28 15:10:59 [INFO] Connexion à la base de donnée réussi /Applications/MAMP/htdocs/UE4-projet/config/database.php
2025-01-28 15:11:07 [INFO] Fichier init chargée /Applications/MAMP/htdocs/UE4-projet/config/init.php
2025-01-28 15:11:07 [INFO] Connexion à la base de donnée réussi /Applications/MAMP/htdocs/UE4-projet/config/database.php
2025-01-28 15:11:07 [INFO] Récuperation de toutes les annonces publiées a réussi /Applications/MAMP/htdocs/UE4-projet/app/models/m_announcement.php
2025-01-28 15:11:09 [INFO] Fichier init chargée /Applications/MAMP/htdocs/UE4-projet/config/init.php
2025-01-28 15:11:09 [INFO] Connexion à la base de donnée réussi /Applications/MAMP/htdocs/UE4-projet/config/database.php
2025-01-28 15:11:11 [INFO] Fichier init chargée /Applications/MAMP/htdocs/UE4-projet/config/init.php
2025-01-28 15:11:11 [INFO] Connexion à la base de donnée réussi /Applications/MAMP/htdocs/UE4-projet/config/database.php
2025-01-28 15:11:45 [INFO] Fichier init chargée /Applications/MAMP/htdocs/UE4-projet/config/init.php
2025-01-28 15:11:45 [INFO] Connexion à la base de donnée réussi /Applications/MAMP/htdocs/UE4-projet/config/database.php
2025-01-28 15:11:51 [INFO] Fichier init chargée /Applications/MAMP/htdocs/UE4-projet/config/init.php
2025-01-28 15:11:51 [INFO] Connexion à la base de donnée réussi /Applications/MAMP/htdocs/UE4-projet/config/database.php
2025-01-28 15:11:51 [INFO] Récuperation de toutes les annonces publiées a réussi /Applications/MAMP/htdocs/UE4-projet/app/models/m_announcement.php
2025-01-28 15:27:24 [INFO] Fichier init chargée /Applications/MAMP/htdocs/UE4-projet/config/init.php
2025-01-28 15:27:24 [INFO] Connexion à la base de donnée réussi /Applications/MAMP/htdocs/UE4-projet/config/database.php
2025-01-28 15:27:24 [INFO] Récuperation de toutes les annonces publiées a réussi /Applications/MAMP/htdocs/UE4-projet/app/models/m_announcement.php
2025-01-28 15:27:24 [INFO] Récuperation des utilisateurs a réussi /Applications/MAMP/htdocs/UE4-projet/app/models/m_user.php
2025-01-28 15:27:24 [INFO] Récuperation des catégories  réussi /Applications/MAMP/htdocs/UE4-projet/app/models/m_category.php
2025-01-28 15:27:24 [INFO] Récuperation des status réussi /Applications/MAMP/htdocs/UE4-projet/app/models/m_statuses.php
2025-01-28 15:28:08 [INFO] Fichier init chargée /Applications/MAMP/htdocs/UE4-projet/config/init.php
2025-01-28 15:28:08 [INFO] Connexion à la base de donnée réussi /Applications/MAMP/htdocs/UE4-projet/config/database.php
2025-01-28 15:28:08 [INFO] Récuperation de toutes les annonces publiées a réussi /Applications/MAMP/htdocs/UE4-projet/app/models/m_announcement.php
2025-01-28 15:28:36 [INFO] Fichier init chargée /Applications/MAMP/htdocs/UE4-projet/config/init.php
2025-01-28 15:28:36 [INFO] Connexion à la base de donnée réussi /Applications/MAMP/htdocs/UE4-projet/config/database.php
2025-01-28 15:28:36 [INFO] Fichier init chargée /Applications/MAMP/htdocs/UE4-projet/config/init.php
2025-01-28 15:28:36 [INFO] Connexion à la base de donnée réussi /Applications/MAMP/htdocs/UE4-projet/config/database.php
2025-01-28 15:28:40 [INFO] Fichier init chargée /Applications/MAMP/htdocs/UE4-projet/config/init.php
2025-01-28 15:28:40 [INFO] Connexion à la base de donnée réussi /Applications/MAMP/htdocs/UE4-projet/config/database.php
2025-01-28 15:28:40 [INFO] Récuperation de toutes les annonces publiées a réussi /Applications/MAMP/htdocs/UE4-projet/app/models/m_announcement.php
2025-01-28 15:28:46 [INFO] Fichier init chargée /Applications/MAMP/htdocs/UE4-projet/config/init.php
2025-01-28 15:28:46 [INFO] Connexion à la base de donnée réussi /Applications/MAMP/htdocs/UE4-projet/config/database.php
2025-01-28 15:28:49 [INFO] Fichier init chargée /Applications/MAMP/htdocs/UE4-projet/config/init.php
2025-01-28 15:28:49 [INFO] Connexion à la base de donnée réussi /Applications/MAMP/htdocs/UE4-projet/config/database.php
2025-01-28 15:28:59 [INFO] Fichier init chargée /Applications/MAMP/htdocs/UE4-projet/config/init.php
2025-01-28 15:28:59 [INFO] Connexion à la base de donnée réussi /Applications/MAMP/htdocs/UE4-projet/config/database.php
2025-01-28 15:28:59 [INFO] Récuperation de toutes les annonces publiées a réussi /Applications/MAMP/htdocs/UE4-projet/app/models/m_announcement.php
2025-01-28 15:29:04 [INFO] Fichier init chargée /Applications/MAMP/htdocs/UE4-projet/config/init.php
2025-01-28 15:29:04 [INFO] Connexion à la base de donnée réussi /Applications/MAMP/htdocs/UE4-projet/config/database.php
2025-01-28 15:30:02 [INFO] Fichier init chargée /Applications/MAMP/htdocs/UE4-projet/config/init.php
2025-01-28 15:30:02 [INFO] Connexion à la base de donnée réussi /Applications/MAMP/htdocs/UE4-projet/config/database.php
2025-01-28 16:06:48 [INFO] Fichier init chargée /Applications/MAMP/htdocs/UE4-projet/config/init.php
2025-01-28 16:06:49 [INFO] Connexion à la base de donnée réussi /Applications/MAMP/htdocs/UE4-projet/config/database.php
2025-01-28 16:06:49 [INFO] Récuperation de toutes les annonces publiées a réussi /Applications/MAMP/htdocs/UE4-projet/app/models/m_announcement.php
2025-01-28 16:07:04 [INFO] Fichier init chargée /Applications/MAMP/htdocs/UE4-projet/config/init.php
2025-01-28 16:07:04 [INFO] Connexion à la base de donnée réussi /Applications/MAMP/htdocs/UE4-projet/config/database.php
2025-01-28 16:07:04 [INFO] Récuperation de toutes les annonces publiées a réussi /Applications/MAMP/htdocs/UE4-projet/app/models/m_announcement.php
2025-01-28 16:07:04 [INFO] Récuperation des utilisateurs a réussi /Applications/MAMP/htdocs/UE4-projet/app/models/m_user.php
2025-01-28 16:07:04 [INFO] Récuperation des catégories  réussi /Applications/MAMP/htdocs/UE4-projet/app/models/m_category.php
2025-01-28 16:07:04 [INFO] Récuperation des status réussi /Applications/MAMP/htdocs/UE4-projet/app/models/m_statuses.php
2025-01-28 16:11:38 [INFO] Fichier init chargée /Applications/MAMP/htdocs/UE4-projet/config/init.php
2025-01-28 16:11:38 [INFO] Connexion à la base de donnée réussi /Applications/MAMP/htdocs/UE4-projet/config/database.php
2025-01-28 16:11:53 [INFO] Fichier init chargée /Applications/MAMP/htdocs/UE4-projet/config/init.php
2025-01-28 16:11:53 [INFO] Connexion à la base de donnée réussi /Applications/MAMP/htdocs/UE4-projet/config/database.php
2025-01-28 16:11:53 [INFO] Récuperation de toutes les annonces publiées a réussi /Applications/MAMP/htdocs/UE4-projet/app/models/m_announcement.php
2025-01-28 16:12:06 [INFO] Fichier init chargée /Applications/MAMP/htdocs/UE4-projet/config/init.php
2025-01-28 16:12:06 [INFO] Connexion à la base de donnée réussi /Applications/MAMP/htdocs/UE4-projet/config/database.php
2025-01-28 16:12:09 [INFO] Fichier init chargée /Applications/MAMP/htdocs/UE4-projet/config/init.php
2025-01-28 16:12:09 [INFO] Connexion à la base de donnée réussi /Applications/MAMP/htdocs/UE4-projet/config/database.php
2025-01-28 16:12:27 [INFO] Fichier init chargée /Applications/MAMP/htdocs/UE4-projet/config/init.php
2025-01-28 16:12:27 [INFO] Connexion à la base de donnée réussi /Applications/MAMP/htdocs/UE4-projet/config/database.php
2025-01-28 16:12:36 [INFO] Fichier init chargée /Applications/MAMP/htdocs/UE4-projet/config/init.php
2025-01-28 16:12:36 [INFO] Connexion à la base de donnée réussi /Applications/MAMP/htdocs/UE4-projet/config/database.php
2025-01-28 16:12:36 [INFO] Récuperation d\'un utilisateur par email réussi /Applications/MAMP/htdocs/UE4-projet/app/models/m_user.php
2025-01-28 16:12:36 [INFO] Mise à jour de la dernière connexion de l'utilisateur ID (1) a réussi /Applications/MAMP/htdocs/UE4-projet/app/models/m_user.php
2025-01-28 16:12:38 [INFO] Fichier init chargée /Applications/MAMP/htdocs/UE4-projet/config/init.php
2025-01-28 16:12:38 [INFO] Connexion à la base de donnée réussi /Applications/MAMP/htdocs/UE4-projet/config/database.php
2025-01-28 16:12:39 [INFO] Récuperation de toutes les annonces publiées a réussi /Applications/MAMP/htdocs/UE4-projet/app/models/m_announcement.php
2025-01-28 16:12:41 [INFO] Fichier init chargée /Applications/MAMP/htdocs/UE4-projet/config/init.php
2025-01-28 16:12:41 [INFO] Connexion à la base de donnée réussi /Applications/MAMP/htdocs/UE4-projet/config/database.php
2025-01-28 16:12:41 [INFO] Récuperation de l'annonce  ID : (3) a  réussi /Applications/MAMP/htdocs/UE4-projet/app/models/m_announcement.php
2025-01-28 16:12:52 [INFO] Fichier init chargée /Applications/MAMP/htdocs/UE4-projet/config/init.php
2025-01-28 16:12:52 [INFO] Connexion à la base de donnée réussi /Applications/MAMP/htdocs/UE4-projet/config/database.php
2025-01-28 16:12:52 [INFO] Récuperation de l' utilisateur ID : (1) a réussi /Applications/MAMP/htdocs/UE4-projet/app/models/m_user.php
2025-01-28 16:12:52 [INFO] Récuperation des status réussi /Applications/MAMP/htdocs/UE4-projet/app/models/m_statuses.php
2025-01-28 16:12:52 [INFO] Récuperation de toutes les annonces publiées utilisateu ID (1) a réussi /Applications/MAMP/htdocs/UE4-projet/app/models/m_announcement.php
2025-01-28 16:13:17 [INFO] Fichier init chargée /Applications/MAMP/htdocs/UE4-projet/config/init.php
2025-01-28 16:13:17 [INFO] Connexion à la base de donnée réussi /Applications/MAMP/htdocs/UE4-projet/config/database.php
2025-01-28 16:13:17 [INFO] Récuperation de toutes les annonces publiées a réussi /Applications/MAMP/htdocs/UE4-projet/app/models/m_announcement.php
2025-01-28 16:13:18 [INFO] Fichier init chargée /Applications/MAMP/htdocs/UE4-projet/config/init.php
2025-01-28 16:13:18 [INFO] Connexion à la base de donnée réussi /Applications/MAMP/htdocs/UE4-projet/config/database.php
2025-01-28 16:13:27 [INFO] Fichier init chargée /Applications/MAMP/htdocs/UE4-projet/config/init.php
2025-01-28 16:13:27 [INFO] Connexion à la base de donnée réussi /Applications/MAMP/htdocs/UE4-projet/config/database.php
2025-01-28 16:13:27 [INFO] Récuperation de toutes les annonces publiées a réussi /Applications/MAMP/htdocs/UE4-projet/app/models/m_announcement.php
2025-01-28 16:13:28 [INFO] Fichier init chargée /Applications/MAMP/htdocs/UE4-projet/config/init.php
2025-01-28 16:13:28 [INFO] Connexion à la base de donnée réussi /Applications/MAMP/htdocs/UE4-projet/config/database.php
2025-01-28 16:13:32 [INFO] Fichier init chargée /Applications/MAMP/htdocs/UE4-projet/config/init.php
2025-01-28 16:13:32 [INFO] Connexion à la base de donnée réussi /Applications/MAMP/htdocs/UE4-projet/config/database.php
2025-01-28 16:13:32 [INFO] Récuperation de toutes les annonces publiées a réussi /Applications/MAMP/htdocs/UE4-projet/app/models/m_announcement.php
2025-01-28 16:13:38 [INFO] Fichier init chargée /Applications/MAMP/htdocs/UE4-projet/config/init.php
2025-01-28 16:13:38 [INFO] Connexion à la base de donnée réussi /Applications/MAMP/htdocs/UE4-projet/config/database.php
2025-01-28 16:13:42 [INFO] Fichier init chargée /Applications/MAMP/htdocs/UE4-projet/config/init.php
2025-01-28 16:13:42 [INFO] Connexion à la base de donnée réussi /Applications/MAMP/htdocs/UE4-projet/config/database.php
2025-01-28 16:13:42 [INFO] Récuperation de l'annonce  ID : (7) a  réussi /Applications/MAMP/htdocs/UE4-projet/app/models/m_announcement.php
2025-01-28 16:13:47 [INFO] Fichier init chargée /Applications/MAMP/htdocs/UE4-projet/config/init.php
2025-01-28 16:13:47 [INFO] Connexion à la base de donnée réussi /Applications/MAMP/htdocs/UE4-projet/config/database.php
2025-01-28 16:13:47 [INFO] Récuperation de toutes les annonces publiées a réussi /Applications/MAMP/htdocs/UE4-projet/app/models/m_announcement.php
2025-01-28 16:13:50 [INFO] Fichier init chargée /Applications/MAMP/htdocs/UE4-projet/config/init.php
2025-01-28 16:13:50 [INFO] Connexion à la base de donnée réussi /Applications/MAMP/htdocs/UE4-projet/config/database.php
2025-01-28 16:13:50 [INFO] Récuperation des catégories  réussi /Applications/MAMP/htdocs/UE4-projet/app/models/m_category.php
2025-01-28 16:13:50 [INFO] Récuperation des états réussi /Applications/MAMP/htdocs/UE4-projet/app/models/m_state.php
2025-01-28 16:21:54 [INFO] Fichier init chargée /Applications/MAMP/htdocs/UE4-projet/config/init.php
2025-01-28 16:21:54 [INFO] Connexion à la base de donnée réussi /Applications/MAMP/htdocs/UE4-projet/config/database.php
2025-01-28 16:21:55 [INFO] Récuperation de toutes les annonces publiées a réussi /Applications/MAMP/htdocs/UE4-projet/app/models/m_announcement.php
2025-01-28 16:24:08 [INFO] Fichier init chargée /Applications/MAMP/htdocs/UE4-projet/config/init.php
2025-01-28 16:24:08 [INFO] Connexion à la base de donnée réussi /Applications/MAMP/htdocs/UE4-projet/config/database.php
2025-01-28 16:24:08 [INFO] Récuperation de toutes les annonces publiées a réussi /Applications/MAMP/htdocs/UE4-projet/app/models/m_announcement.php
2025-01-28 16:26:25 [INFO] Fichier init chargée /Applications/MAMP/htdocs/UE4-projet/config/init.php
2025-01-28 16:26:25 [INFO] Connexion à la base de donnée réussi /Applications/MAMP/htdocs/UE4-projet/config/database.php
2025-01-28 16:26:25 [INFO] Récuperation de toutes les annonces publiées a réussi /Applications/MAMP/htdocs/UE4-projet/app/models/m_announcement.php
2025-01-28 16:33:35 [INFO] Fichier init chargée /Applications/MAMP/htdocs/UE4-projet/config/init.php
2025-01-28 16:33:35 [INFO] Connexion à la base de donnée réussi /Applications/MAMP/htdocs/UE4-projet/config/database.php
2025-01-28 16:33:35 [INFO] Récuperation de toutes les annonces publiées a réussi /Applications/MAMP/htdocs/UE4-projet/app/models/m_announcement.php
