2025-01-27 19:58:15 [INFO] Fichier init chargée /Applications/MAMP/htdocs/UE4-projet/config/init.php
2025-01-27 19:58:15 [INFO] Connexion à la base de donnée réussi /Applications/MAMP/htdocs/UE4-projet/config/database.php
2025-01-27 19:58:15 [INFO] Récuperation de toutes les annonces publiées a réussi /Applications/MAMP/htdocs/UE4-projet/app/models/m_announcement.php
2025-01-27 19:58:21 [INFO] Fichier init chargée /Applications/MAMP/htdocs/UE4-projet/config/init.php
2025-01-27 19:58:21 [INFO] Connexion à la base de donnée réussi /Applications/MAMP/htdocs/UE4-projet/config/database.php
2025-01-27 19:58:28 [INFO] Fichier init chargée /Applications/MAMP/htdocs/UE4-projet/config/init.php
2025-01-27 19:58:28 [INFO] Connexion à la base de donnée réussi /Applications/MAMP/htdocs/UE4-projet/config/database.php
2025-01-27 19:58:28 [INFO] Récuperation d\'un utilisateur par email réussi /Applications/MAMP/htdocs/UE4-projet/app/models/m_user.php
2025-01-27 19:58:28 [INFO] Mise à jour de la dernière connexion de l'utilisateur ID (1) a réussi /Applications/MAMP/htdocs/UE4-projet/app/models/m_user.php
2025-01-27 19:58:40 [INFO] Fichier init chargée /Applications/MAMP/htdocs/UE4-projet/config/init.php
2025-01-27 19:58:40 [INFO] Connexion à la base de donnée réussi /Applications/MAMP/htdocs/UE4-projet/config/database.php
2025-01-27 19:58:40 [INFO] Récuperation d\'un utilisateur par email réussi /Applications/MAMP/htdocs/UE4-projet/app/models/m_user.php
2025-01-27 19:58:40 [INFO] Mise à jour de la dernière connexion de l'utilisateur ID (1) a réussi /Applications/MAMP/htdocs/UE4-projet/app/models/m_user.php
2025-01-27 19:59:28 [INFO] Fichier init chargée /Applications/MAMP/htdocs/UE4-projet/config/init.php
2025-01-27 19:59:28 [INFO] Connexion à la base de donnée réussi /Applications/MAMP/htdocs/UE4-projet/config/database.php
2025-01-27 19:59:28 [INFO] Récuperation d\'un utilisateur par email réussi /Applications/MAMP/htdocs/UE4-projet/app/models/m_user.php
2025-01-27 19:59:28 [INFO] Mise à jour de la dernière connexion de l'utilisateur ID (1) a réussi /Applications/MAMP/htdocs/UE4-projet/app/models/m_user.php
2025-01-27 20:00:23 [INFO] Fichier init chargée /Applications/MAMP/htdocs/UE4-projet/config/init.php
2025-01-27 20:00:23 [INFO] Connexion à la base de donnée réussi /Applications/MAMP/htdocs/UE4-projet/config/database.php
2025-01-27 20:00:23 [INFO] Récuperation de toutes les annonces publiées a réussi /Applications/MAMP/htdocs/UE4-projet/app/models/m_announcement.php
2025-01-27 20:00:26 [INFO] Fichier init chargée /Applications/MAMP/htdocs/UE4-projet/config/init.php
2025-01-27 20:00:26 [INFO] Connexion à la base de donnée réussi /Applications/MAMP/htdocs/UE4-projet/config/database.php
2025-01-27 20:00:26 [INFO] Récuperation de toutes les annonces publiées a réussi /Applications/MAMP/htdocs/UE4-projet/app/models/m_announcement.php
2025-01-27 20:00:32 [INFO] Fichier init chargée /Applications/MAMP/htdocs/UE4-projet/config/init.php
2025-01-27 20:00:32 [INFO] Connexion à la base de donnée réussi /Applications/MAMP/htdocs/UE4-projet/config/database.php
2025-01-27 20:00:32 [INFO] Récuperation de toutes les annonces publiées a réussi /Applications/MAMP/htdocs/UE4-projet/app/models/m_announcement.php
2025-01-27 20:00:45 [INFO] Fichier init chargée /Applications/MAMP/htdocs/UE4-projet/config/init.php
2025-01-27 20:00:45 [INFO] Connexion à la base de donnée réussi /Applications/MAMP/htdocs/UE4-projet/config/database.php
2025-01-27 20:00:45 [INFO] Récuperation de toutes les annonces publiées a réussi /Applications/MAMP/htdocs/UE4-projet/app/models/m_announcement.php
2025-01-27 20:01:03 [INFO] Fichier init chargée /Applications/MAMP/htdocs/UE4-projet/config/init.php
2025-01-27 20:01:03 [INFO] Connexion à la base de donnée réussi /Applications/MAMP/htdocs/UE4-projet/config/database.php
2025-01-27 20:01:03 [INFO] Récuperation de toutes les annonces publiées a réussi /Applications/MAMP/htdocs/UE4-projet/app/models/m_announcement.php
2025-01-27 20:01:17 [INFO] Fichier init chargée /Applications/MAMP/htdocs/UE4-projet/config/init.php
2025-01-27 20:01:17 [INFO] Connexion à la base de donnée réussi /Applications/MAMP/htdocs/UE4-projet/config/database.php
2025-01-27 20:01:19 [INFO] Fichier init chargée /Applications/MAMP/htdocs/UE4-projet/config/init.php
2025-01-27 20:01:19 [INFO] Connexion à la base de donnée réussi /Applications/MAMP/htdocs/UE4-projet/config/database.php
2025-01-27 20:01:19 [INFO] Récuperation de toutes les annonces publiées a réussi /Applications/MAMP/htdocs/UE4-projet/app/models/m_announcement.php
2025-01-27 20:01:22 [INFO] Fichier init chargée /Applications/MAMP/htdocs/UE4-projet/config/init.php
2025-01-27 20:01:22 [INFO] Connexion à la base de donnée réussi /Applications/MAMP/htdocs/UE4-projet/config/database.php
2025-01-27 20:01:24 [INFO] Fichier init chargée /Applications/MAMP/htdocs/UE4-projet/config/init.php
2025-01-27 20:01:24 [INFO] Connexion à la base de donnée réussi /Applications/MAMP/htdocs/UE4-projet/config/database.php
2025-01-27 20:01:24 [INFO] Récuperation de toutes les annonces publiées a réussi /Applications/MAMP/htdocs/UE4-projet/app/models/m_announcement.php
2025-01-27 20:01:43 [INFO] Fichier init chargée /Applications/MAMP/htdocs/UE4-projet/config/init.php
2025-01-27 20:01:43 [INFO] Connexion à la base de donnée réussi /Applications/MAMP/htdocs/UE4-projet/config/database.php
2025-01-27 20:01:43 [INFO] Récuperation de toutes les annonces publiées a réussi /Applications/MAMP/htdocs/UE4-projet/app/models/m_announcement.php
2025-01-27 20:01:45 [INFO] Fichier init chargée /Applications/MAMP/htdocs/UE4-projet/config/init.php
2025-01-27 20:01:45 [INFO] Connexion à la base de donnée réussi /Applications/MAMP/htdocs/UE4-projet/config/database.php
2025-01-27 20:05:22 [INFO] Fichier init chargée /Applications/MAMP/htdocs/UE4-projet/config/init.php
2025-01-27 20:05:22 [INFO] Connexion à la base de donnée réussi /Applications/MAMP/htdocs/UE4-projet/config/database.php
2025-01-27 20:05:26 [INFO] Fichier init chargée /Applications/MAMP/htdocs/UE4-projet/config/init.php
2025-01-27 20:05:26 [INFO] Connexion à la base de donnée réussi /Applications/MAMP/htdocs/UE4-projet/config/database.php
2025-01-27 20:05:26 [INFO] Récuperation de toutes les annonces publiées a réussi /Applications/MAMP/htdocs/UE4-projet/app/models/m_announcement.php
2025-01-27 20:05:28 [INFO] Fichier init chargée /Applications/MAMP/htdocs/UE4-projet/config/init.php
2025-01-27 20:05:28 [INFO] Connexion à la base de donnée réussi /Applications/MAMP/htdocs/UE4-projet/config/database.php
2025-01-27 20:05:28 [INFO] Récuperation de toutes les annonces publiées a réussi /Applications/MAMP/htdocs/UE4-projet/app/models/m_announcement.php
2025-01-27 20:05:38 [INFO] Fichier init chargée /Applications/MAMP/htdocs/UE4-projet/config/init.php
2025-01-27 20:05:38 [INFO] Connexion à la base de donnée réussi /Applications/MAMP/htdocs/UE4-projet/config/database.php
2025-01-27 20:06:15 [INFO] Fichier init chargée /Applications/MAMP/htdocs/UE4-projet/config/init.php
2025-01-27 20:06:15 [INFO] Connexion à la base de donnée réussi /Applications/MAMP/htdocs/UE4-projet/config/database.php
2025-01-27 20:06:42 [INFO] Fichier init chargée /Applications/MAMP/htdocs/UE4-projet/config/init.php
2025-01-27 20:06:42 [INFO] Connexion à la base de donnée réussi /Applications/MAMP/htdocs/UE4-projet/config/database.php
2025-01-27 20:10:40 [INFO] Fichier init chargée /Applications/MAMP/htdocs/UE4-projet/config/init.php
2025-01-27 20:10:40 [INFO] Connexion à la base de donnée réussi /Applications/MAMP/htdocs/UE4-projet/config/database.php
2025-01-27 20:11:22 [INFO] Fichier init chargée /Applications/MAMP/htdocs/UE4-projet/config/init.php
2025-01-27 20:11:22 [INFO] Connexion à la base de donnée réussi /Applications/MAMP/htdocs/UE4-projet/config/database.php
2025-01-27 20:11:22 [INFO] Récuperation de l'annonce  ID : (2) a  réussi /Applications/MAMP/htdocs/UE4-projet/app/models/m_announcement.php
2025-01-27 20:11:25 [INFO] Fichier init chargée /Applications/MAMP/htdocs/UE4-projet/config/init.php
2025-01-27 20:11:25 [INFO] Connexion à la base de donnée réussi /Applications/MAMP/htdocs/UE4-projet/config/database.php
2025-01-27 20:11:29 [INFO] Fichier init chargée /Applications/MAMP/htdocs/UE4-projet/config/init.php
2025-01-27 20:11:29 [INFO] Connexion à la base de donnée réussi /Applications/MAMP/htdocs/UE4-projet/config/database.php
2025-01-27 20:11:29 [INFO] Récuperation de l'annonce  ID : (3) a  réussi /Applications/MAMP/htdocs/UE4-projet/app/models/m_announcement.php
2025-01-27 20:11:30 [INFO] Fichier init chargée /Applications/MAMP/htdocs/UE4-projet/config/init.php
2025-01-27 20:11:30 [INFO] Connexion à la base de donnée réussi /Applications/MAMP/htdocs/UE4-projet/config/database.php
2025-01-27 20:12:07 [INFO] Fichier init chargée /Applications/MAMP/htdocs/UE4-projet/config/init.php
2025-01-27 20:12:07 [INFO] Connexion à la base de donnée réussi /Applications/MAMP/htdocs/UE4-projet/config/database.php
2025-01-27 20:15:30 [INFO] Fichier init chargée /Applications/MAMP/htdocs/UE4-projet/config/init.php
2025-01-27 20:15:30 [INFO] Connexion à la base de donnée réussi /Applications/MAMP/htdocs/UE4-projet/config/database.php
2025-01-27 20:16:24 [INFO] Fichier init chargée /Applications/MAMP/htdocs/UE4-projet/config/init.php
2025-01-27 20:16:24 [INFO] Connexion à la base de donnée réussi /Applications/MAMP/htdocs/UE4-projet/config/database.php
2025-01-27 20:16:40 [INFO] Fichier init chargée /Applications/MAMP/htdocs/UE4-projet/config/init.php
2025-01-27 20:16:40 [INFO] Connexion à la base de donnée réussi /Applications/MAMP/htdocs/UE4-projet/config/database.php
2025-01-27 20:22:25 [INFO] Fichier init chargée /Applications/MAMP/htdocs/UE4-projet/config/init.php
2025-01-27 20:22:25 [INFO] Connexion à la base de donnée réussi /Applications/MAMP/htdocs/UE4-projet/config/database.php
2025-01-27 20:22:53 [INFO] Fichier init chargée /Applications/MAMP/htdocs/UE4-projet/config/init.php
2025-01-27 20:22:53 [INFO] Connexion à la base de donnée réussi /Applications/MAMP/htdocs/UE4-projet/config/database.php
2025-01-27 20:23:21 [INFO] Fichier init chargée /Applications/MAMP/htdocs/UE4-projet/config/init.php
2025-01-27 20:23:21 [INFO] Connexion à la base de donnée réussi /Applications/MAMP/htdocs/UE4-projet/config/database.php
2025-01-27 20:23:30 [INFO] Fichier init chargée /Applications/MAMP/htdocs/UE4-projet/config/init.php
2025-01-27 20:23:30 [INFO] Connexion à la base de donnée réussi /Applications/MAMP/htdocs/UE4-projet/config/database.php
2025-01-27 20:24:32 [INFO] Fichier init chargée /Applications/MAMP/htdocs/UE4-projet/config/init.php
2025-01-27 20:24:32 [INFO] Connexion à la base de donnée réussi /Applications/MAMP/htdocs/UE4-projet/config/database.php
2025-01-27 20:24:55 [INFO] Fichier init chargée /Applications/MAMP/htdocs/UE4-projet/config/init.php
2025-01-27 20:24:55 [INFO] Connexion à la base de donnée réussi /Applications/MAMP/htdocs/UE4-projet/config/database.php
2025-01-27 20:25:37 [INFO] Fichier init chargée /Applications/MAMP/htdocs/UE4-projet/config/init.php
2025-01-27 20:25:37 [INFO] Connexion à la base de donnée réussi /Applications/MAMP/htdocs/UE4-projet/config/database.php
2025-01-27 20:27:15 [INFO] Fichier init chargée /Applications/MAMP/htdocs/UE4-projet/config/init.php
2025-01-27 20:27:15 [INFO] Connexion à la base de donnée réussi /Applications/MAMP/htdocs/UE4-projet/config/database.php
2025-01-27 20:28:17 [INFO] Fichier init chargée /Applications/MAMP/htdocs/UE4-projet/config/init.php
2025-01-27 20:28:17 [INFO] Connexion à la base de donnée réussi /Applications/MAMP/htdocs/UE4-projet/config/database.php
2025-01-27 20:29:16 [INFO] Fichier init chargée /Applications/MAMP/htdocs/UE4-projet/config/init.php
2025-01-27 20:29:16 [INFO] Connexion à la base de donnée réussi /Applications/MAMP/htdocs/UE4-projet/config/database.php
2025-01-27 20:30:25 [INFO] Fichier init chargée /Applications/MAMP/htdocs/UE4-projet/config/init.php
2025-01-27 20:30:25 [INFO] Connexion à la base de donnée réussi /Applications/MAMP/htdocs/UE4-projet/config/database.php
2025-01-27 20:30:25 [INFO] Récuperation de toutes les annonces publiées a réussi /Applications/MAMP/htdocs/UE4-projet/app/models/m_announcement.php
2025-01-27 20:30:27 [INFO] Fichier init chargée /Applications/MAMP/htdocs/UE4-projet/config/init.php
2025-01-27 20:30:27 [INFO] Connexion à la base de donnée réussi /Applications/MAMP/htdocs/UE4-projet/config/database.php
2025-01-27 20:31:14 [INFO] Fichier init chargée /Applications/MAMP/htdocs/UE4-projet/config/init.php
2025-01-27 20:31:14 [INFO] Connexion à la base de donnée réussi /Applications/MAMP/htdocs/UE4-projet/config/database.php
2025-01-27 20:31:56 [INFO] Fichier init chargée /Applications/MAMP/htdocs/UE4-projet/config/init.php
2025-01-27 20:31:56 [INFO] Connexion à la base de donnée réussi /Applications/MAMP/htdocs/UE4-projet/config/database.php
2025-01-27 20:32:48 [INFO] Fichier init chargée /Applications/MAMP/htdocs/UE4-projet/config/init.php
2025-01-27 20:32:48 [INFO] Connexion à la base de donnée réussi /Applications/MAMP/htdocs/UE4-projet/config/database.php
2025-01-27 20:33:06 [INFO] Fichier init chargée /Applications/MAMP/htdocs/UE4-projet/config/init.php
2025-01-27 20:33:06 [INFO] Connexion à la base de donnée réussi /Applications/MAMP/htdocs/UE4-projet/config/database.php
2025-01-27 20:33:22 [INFO] Fichier init chargée /Applications/MAMP/htdocs/UE4-projet/config/init.php
2025-01-27 20:33:22 [INFO] Connexion à la base de donnée réussi /Applications/MAMP/htdocs/UE4-projet/config/database.php
2025-01-27 20:41:44 [INFO] Fichier init chargée /Applications/MAMP/htdocs/UE4-projet/config/init.php
2025-01-27 20:41:44 [INFO] Connexion à la base de donnée réussi /Applications/MAMP/htdocs/UE4-projet/config/database.php
2025-01-27 20:41:44 [INFO] Récuperation de toutes les annonces publiées a réussi /Applications/MAMP/htdocs/UE4-projet/app/models/m_announcement.php
2025-01-27 20:41:46 [INFO] Fichier init chargée /Applications/MAMP/htdocs/UE4-projet/config/init.php
2025-01-27 20:41:46 [INFO] Connexion à la base de donnée réussi /Applications/MAMP/htdocs/UE4-projet/config/database.php
2025-01-27 20:42:45 [INFO] Fichier init chargée /Applications/MAMP/htdocs/UE4-projet/config/init.php
2025-01-27 20:42:45 [INFO] Connexion à la base de donnée réussi /Applications/MAMP/htdocs/UE4-projet/config/database.php
2025-01-27 20:43:22 [INFO] Fichier init chargée /Applications/MAMP/htdocs/UE4-projet/config/init.php
2025-01-27 20:43:22 [INFO] Connexion à la base de donnée réussi /Applications/MAMP/htdocs/UE4-projet/config/database.php
2025-01-27 20:45:14 [INFO] Fichier init chargée /Applications/MAMP/htdocs/UE4-projet/config/init.php
2025-01-27 20:45:14 [INFO] Connexion à la base de donnée réussi /Applications/MAMP/htdocs/UE4-projet/config/database.php
2025-01-27 20:45:40 [INFO] Fichier init chargée /Applications/MAMP/htdocs/UE4-projet/config/init.php
2025-01-27 20:45:40 [INFO] Connexion à la base de donnée réussi /Applications/MAMP/htdocs/UE4-projet/config/database.php
2025-01-27 20:46:14 [INFO] Fichier init chargée /Applications/MAMP/htdocs/UE4-projet/config/init.php
2025-01-27 20:46:14 [INFO] Connexion à la base de donnée réussi /Applications/MAMP/htdocs/UE4-projet/config/database.php
2025-01-27 20:46:29 [INFO] Fichier init chargée /Applications/MAMP/htdocs/UE4-projet/config/init.php
2025-01-27 20:46:29 [INFO] Connexion à la base de donnée réussi /Applications/MAMP/htdocs/UE4-projet/config/database.php
2025-01-27 20:46:44 [INFO] Fichier init chargée /Applications/MAMP/htdocs/UE4-projet/config/init.php
2025-01-27 20:46:44 [INFO] Connexion à la base de donnée réussi /Applications/MAMP/htdocs/UE4-projet/config/database.php
2025-01-27 20:47:17 [INFO] Fichier init chargée /Applications/MAMP/htdocs/UE4-projet/config/init.php
2025-01-27 20:47:17 [INFO] Connexion à la base de donnée réussi /Applications/MAMP/htdocs/UE4-projet/config/database.php
2025-01-27 20:47:17 [INFO] Récuperation de toutes les annonces publiées a réussi /Applications/MAMP/htdocs/UE4-projet/app/models/m_announcement.php
2025-01-27 20:47:30 [INFO] Fichier init chargée /Applications/MAMP/htdocs/UE4-projet/config/init.php
2025-01-27 20:47:30 [INFO] Connexion à la base de donnée réussi /Applications/MAMP/htdocs/UE4-projet/config/database.php
2025-01-27 20:47:56 [INFO] Fichier init chargée /Applications/MAMP/htdocs/UE4-projet/config/init.php
2025-01-27 20:47:56 [INFO] Connexion à la base de donnée réussi /Applications/MAMP/htdocs/UE4-projet/config/database.php
2025-01-27 20:47:56 [INFO] Récuperation de l' utilisateur ID : (1) a réussi /Applications/MAMP/htdocs/UE4-projet/app/models/m_user.php
2025-01-27 20:47:56 [INFO] Récuperation des status réussi /Applications/MAMP/htdocs/UE4-projet/app/models/m_statuses.php
2025-01-27 20:47:56 [INFO] Récuperation de toutes les annonces publiées utilisateu ID (1) a réussi /Applications/MAMP/htdocs/UE4-projet/app/models/m_announcement.php
2025-01-27 20:48:03 [INFO] Fichier init chargée /Applications/MAMP/htdocs/UE4-projet/config/init.php
2025-01-27 20:48:03 [INFO] Connexion à la base de donnée réussi /Applications/MAMP/htdocs/UE4-projet/config/database.php
2025-01-27 20:48:03 [INFO] Récuperation de toutes les annonces publiées a réussi /Applications/MAMP/htdocs/UE4-projet/app/models/m_announcement.php
2025-01-27 20:48:56 [INFO] Fichier init chargée /Applications/MAMP/htdocs/UE4-projet/config/init.php
2025-01-27 20:48:56 [INFO] Connexion à la base de donnée réussi /Applications/MAMP/htdocs/UE4-projet/config/database.php
2025-01-27 20:48:56 [INFO] Récuperation de toutes les annonces publiées a réussi /Applications/MAMP/htdocs/UE4-projet/app/models/m_announcement.php
2025-01-27 20:49:05 [INFO] Fichier init chargée /Applications/MAMP/htdocs/UE4-projet/config/init.php
2025-01-27 20:49:05 [INFO] Connexion à la base de donnée réussi /Applications/MAMP/htdocs/UE4-projet/config/database.php
2025-01-27 20:49:05 [INFO] Récuperation de l' utilisateur ID : (1) a réussi /Applications/MAMP/htdocs/UE4-projet/app/models/m_user.php
2025-01-27 20:49:05 [INFO] Récuperation des status réussi /Applications/MAMP/htdocs/UE4-projet/app/models/m_statuses.php
2025-01-27 20:49:05 [INFO] Récuperation de toutes les annonces publiées utilisateu ID (1) a réussi /Applications/MAMP/htdocs/UE4-projet/app/models/m_announcement.php
2025-01-27 20:49:06 [INFO] Fichier init chargée /Applications/MAMP/htdocs/UE4-projet/config/init.php
2025-01-27 20:49:06 [INFO] Connexion à la base de donnée réussi /Applications/MAMP/htdocs/UE4-projet/config/database.php
2025-01-27 20:49:43 [INFO] Fichier init chargée /Applications/MAMP/htdocs/UE4-projet/config/init.php
2025-01-27 20:49:43 [INFO] Connexion à la base de donnée réussi /Applications/MAMP/htdocs/UE4-projet/config/database.php
2025-01-27 20:53:31 [INFO] Fichier init chargée /Applications/MAMP/htdocs/UE4-projet/config/init.php
2025-01-27 20:53:31 [INFO] Connexion à la base de donnée réussi /Applications/MAMP/htdocs/UE4-projet/config/database.php
2025-01-27 20:54:32 [INFO] Fichier init chargée /Applications/MAMP/htdocs/UE4-projet/config/init.php
2025-01-27 20:54:32 [INFO] Connexion à la base de donnée réussi /Applications/MAMP/htdocs/UE4-projet/config/database.php
2025-01-27 20:54:55 [INFO] Fichier init chargée /Applications/MAMP/htdocs/UE4-projet/config/init.php
2025-01-27 20:54:55 [INFO] Connexion à la base de donnée réussi /Applications/MAMP/htdocs/UE4-projet/config/database.php
2025-01-27 20:54:55 [INFO] Récuperation de toutes les annonces publiées a réussi /Applications/MAMP/htdocs/UE4-projet/app/models/m_announcement.php
2025-01-27 20:54:59 [INFO] Fichier init chargée /Applications/MAMP/htdocs/UE4-projet/config/init.php
2025-01-27 20:54:59 [INFO] Connexion à la base de donnée réussi /Applications/MAMP/htdocs/UE4-projet/config/database.php
2025-01-27 20:54:59 [INFO] Récuperation de toutes les annonces publiées a réussi /Applications/MAMP/htdocs/UE4-projet/app/models/m_announcement.php
2025-01-27 20:55:04 [INFO] Fichier init chargée /Applications/MAMP/htdocs/UE4-projet/config/init.php
2025-01-27 20:55:04 [INFO] Connexion à la base de donnée réussi /Applications/MAMP/htdocs/UE4-projet/config/database.php
2025-01-27 20:55:04 [INFO] Récuperation de l' utilisateur ID : (1) a réussi /Applications/MAMP/htdocs/UE4-projet/app/models/m_user.php
2025-01-27 20:55:04 [INFO] Récuperation des status réussi /Applications/MAMP/htdocs/UE4-projet/app/models/m_statuses.php
2025-01-27 20:55:04 [INFO] Récuperation de toutes les annonces publiées utilisateu ID (1) a réussi /Applications/MAMP/htdocs/UE4-projet/app/models/m_announcement.php
2025-01-27 20:55:04 [INFO] Fichier init chargée /Applications/MAMP/htdocs/UE4-projet/config/init.php
2025-01-27 20:55:04 [INFO] Connexion à la base de donnée réussi /Applications/MAMP/htdocs/UE4-projet/config/database.php
2025-01-27 20:55:07 [INFO] Fichier init chargée /Applications/MAMP/htdocs/UE4-projet/config/init.php
2025-01-27 20:55:07 [INFO] Connexion à la base de donnée réussi /Applications/MAMP/htdocs/UE4-projet/config/database.php
2025-01-27 20:55:07 [INFO] Récuperation de toutes les annonces publiées a réussi /Applications/MAMP/htdocs/UE4-projet/app/models/m_announcement.php
2025-01-27 20:55:14 [INFO] Fichier init chargée /Applications/MAMP/htdocs/UE4-projet/config/init.php
2025-01-27 20:55:14 [INFO] Connexion à la base de donnée réussi /Applications/MAMP/htdocs/UE4-projet/config/database.php
2025-01-27 20:55:16 [INFO] Fichier init chargée /Applications/MAMP/htdocs/UE4-projet/config/init.php
2025-01-27 20:55:16 [INFO] Connexion à la base de donnée réussi /Applications/MAMP/htdocs/UE4-projet/config/database.php
2025-01-27 20:55:16 [INFO] Récuperation de toutes les annonces publiées a réussi /Applications/MAMP/htdocs/UE4-projet/app/models/m_announcement.php
2025-01-27 20:55:19 [INFO] Fichier init chargée /Applications/MAMP/htdocs/UE4-projet/config/init.php
2025-01-27 20:55:19 [INFO] Connexion à la base de donnée réussi /Applications/MAMP/htdocs/UE4-projet/config/database.php
2025-01-27 20:55:19 [INFO] Récuperation de toutes les annonces publiées a réussi /Applications/MAMP/htdocs/UE4-projet/app/models/m_announcement.php
2025-01-27 20:55:21 [INFO] Fichier init chargée /Applications/MAMP/htdocs/UE4-projet/config/init.php
2025-01-27 20:55:21 [INFO] Connexion à la base de donnée réussi /Applications/MAMP/htdocs/UE4-projet/config/database.php
2025-01-27 20:55:23 [INFO] Fichier init chargée /Applications/MAMP/htdocs/UE4-projet/config/init.php
2025-01-27 20:55:23 [INFO] Connexion à la base de donnée réussi /Applications/MAMP/htdocs/UE4-projet/config/database.php
2025-01-27 20:55:23 [INFO] Récuperation de toutes les annonces publiées a réussi /Applications/MAMP/htdocs/UE4-projet/app/models/m_announcement.php
2025-01-27 20:55:28 [INFO] Fichier init chargée /Applications/MAMP/htdocs/UE4-projet/config/init.php
2025-01-27 20:55:28 [INFO] Connexion à la base de donnée réussi /Applications/MAMP/htdocs/UE4-projet/config/database.php
2025-01-27 20:55:35 [INFO] Fichier init chargée /Applications/MAMP/htdocs/UE4-projet/config/init.php
2025-01-27 20:55:35 [INFO] Connexion à la base de donnée réussi /Applications/MAMP/htdocs/UE4-projet/config/database.php
2025-01-27 20:55:38 [INFO] Fichier init chargée /Applications/MAMP/htdocs/UE4-projet/config/init.php
2025-01-27 20:55:38 [INFO] Connexion à la base de donnée réussi /Applications/MAMP/htdocs/UE4-projet/config/database.php
2025-01-27 20:55:38 [INFO] Récuperation de toutes les annonces publiées a réussi /Applications/MAMP/htdocs/UE4-projet/app/models/m_announcement.php
2025-01-27 20:55:41 [INFO] Fichier init chargée /Applications/MAMP/htdocs/UE4-projet/config/init.php
2025-01-27 20:55:41 [INFO] Connexion à la base de donnée réussi /Applications/MAMP/htdocs/UE4-projet/config/database.php
2025-01-27 20:55:49 [INFO] Fichier init chargée /Applications/MAMP/htdocs/UE4-projet/config/init.php
2025-01-27 20:55:49 [INFO] Connexion à la base de donnée réussi /Applications/MAMP/htdocs/UE4-projet/config/database.php
2025-01-27 20:57:02 [INFO] Fichier init chargée /Applications/MAMP/htdocs/UE4-projet/config/init.php
2025-01-27 20:57:02 [INFO] Connexion à la base de donnée réussi /Applications/MAMP/htdocs/UE4-projet/config/database.php
2025-01-27 20:57:02 [INFO] Récuperation de toutes les annonces publiées a réussi /Applications/MAMP/htdocs/UE4-projet/app/models/m_announcement.php
2025-01-27 20:57:16 [INFO] Fichier init chargée /Applications/MAMP/htdocs/UE4-projet/config/init.php
2025-01-27 20:57:16 [INFO] Connexion à la base de donnée réussi /Applications/MAMP/htdocs/UE4-projet/config/database.php
2025-01-27 21:00:00 [INFO] Fichier init chargée /Applications/MAMP/htdocs/UE4-projet/config/init.php
2025-01-27 21:00:00 [INFO] Connexion à la base de donnée réussi /Applications/MAMP/htdocs/UE4-projet/config/database.php
2025-01-27 21:00:00 [INFO] Récuperation de toutes les annonces publiées a réussi /Applications/MAMP/htdocs/UE4-projet/app/models/m_announcement.php
2025-01-27 21:00:22 [INFO] Fichier init chargée /Applications/MAMP/htdocs/UE4-projet/config/init.php
2025-01-27 21:00:22 [INFO] Connexion à la base de donnée réussi /Applications/MAMP/htdocs/UE4-projet/config/database.php
2025-01-27 21:00:44 [INFO] Fichier init chargée /Applications/MAMP/htdocs/UE4-projet/config/init.php
2025-01-27 21:00:44 [INFO] Connexion à la base de donnée réussi /Applications/MAMP/htdocs/UE4-projet/config/database.php
2025-01-27 21:00:44 [INFO] Récuperation de toutes les annonces publiées a réussi /Applications/MAMP/htdocs/UE4-projet/app/models/m_announcement.php
2025-01-27 21:00:52 [INFO] Fichier init chargée /Applications/MAMP/htdocs/UE4-projet/config/init.php
2025-01-27 21:00:52 [INFO] Connexion à la base de donnée réussi /Applications/MAMP/htdocs/UE4-projet/config/database.php
2025-01-27 21:00:52 [INFO] Récuperation de l' utilisateur ID : (1) a réussi /Applications/MAMP/htdocs/UE4-projet/app/models/m_user.php
2025-01-27 21:00:52 [INFO] Récuperation des status réussi /Applications/MAMP/htdocs/UE4-projet/app/models/m_statuses.php
2025-01-27 21:00:52 [INFO] Récuperation de toutes les annonces publiées utilisateu ID (1) a réussi /Applications/MAMP/htdocs/UE4-projet/app/models/m_announcement.php
2025-01-27 21:00:57 [INFO] Fichier init chargée /Applications/MAMP/htdocs/UE4-projet/config/init.php
2025-01-27 21:00:57 [INFO] Connexion à la base de donnée réussi /Applications/MAMP/htdocs/UE4-projet/config/database.php
2025-01-27 21:00:57 [INFO] Récuperation de l' utilisateur ID : (1) a réussi /Applications/MAMP/htdocs/UE4-projet/app/models/m_user.php
