2025-01-25 14:57:10 [INFO] Fichier init chargée /Applications/MAMP/htdocs/UE4-projet/config/init.php
2025-01-25 14:57:10 [INFO] Connexion à la base de donnée réussi /Applications/MAMP/htdocs/UE4-projet/config/database.php
2025-01-25 14:57:10 [INFO] Récuperation de toutes les annonces publiées a réussi /Applications/MAMP/htdocs/UE4-projet/app/models/m_announcement.php
2025-01-25 15:14:39 [INFO] Fichier init chargée /Applications/MAMP/htdocs/UE4-projet/config/init.php
2025-01-25 15:14:39 [INFO] Connexion à la base de donnée réussi /Applications/MAMP/htdocs/UE4-projet/config/database.php
2025-01-25 15:14:39 [INFO] Récuperation de toutes les annonces publiées a réussi /Applications/MAMP/htdocs/UE4-projet/app/models/m_announcement.php
2025-01-25 15:15:18 [INFO] Fichier init chargée /Applications/MAMP/htdocs/UE4-projet/config/init.php
2025-01-25 15:15:18 [INFO] Connexion à la base de donnée réussi /Applications/MAMP/htdocs/UE4-projet/config/database.php
2025-01-25 15:15:18 [INFO] Récuperation de toutes les annonces publiées a réussi /Applications/MAMP/htdocs/UE4-projet/app/models/m_announcement.php
2025-01-25 15:15:52 [INFO] Fichier init chargée /Applications/MAMP/htdocs/UE4-projet/config/init.php
2025-01-25 15:15:52 [INFO] Connexion à la base de donnée réussi /Applications/MAMP/htdocs/UE4-projet/config/database.php
2025-01-25 15:15:52 [INFO] Récuperation de toutes les annonces publiées a réussi /Applications/MAMP/htdocs/UE4-projet/app/models/m_announcement.php
2025-01-25 15:16:09 [INFO] Fichier init chargée /Applications/MAMP/htdocs/UE4-projet/config/init.php
2025-01-25 15:16:09 [INFO] Connexion à la base de donnée réussi /Applications/MAMP/htdocs/UE4-projet/config/database.php
2025-01-25 15:16:09 [INFO] Récuperation de toutes les annonces publiées a réussi /Applications/MAMP/htdocs/UE4-projet/app/models/m_announcement.php
2025-01-25 15:17:32 [INFO] Fichier init chargée /Applications/MAMP/htdocs/UE4-projet/config/init.php
2025-01-25 15:17:32 [INFO] Connexion à la base de donnée réussi /Applications/MAMP/htdocs/UE4-projet/config/database.php
2025-01-25 15:17:32 [INFO] Récuperation de toutes les annonces publiées a réussi /Applications/MAMP/htdocs/UE4-projet/app/models/m_announcement.php
2025-01-25 15:17:34 [INFO] Fichier init chargée /Applications/MAMP/htdocs/UE4-projet/config/init.php
2025-01-25 15:17:34 [INFO] Connexion à la base de donnée réussi /Applications/MAMP/htdocs/UE4-projet/config/database.php
2025-01-25 15:17:34 [INFO] Récuperation de toutes les annonces publiées a réussi /Applications/MAMP/htdocs/UE4-projet/app/models/m_announcement.php
2025-01-25 15:17:58 [INFO] Fichier init chargée /Applications/MAMP/htdocs/UE4-projet/config/init.php
2025-01-25 15:17:58 [INFO] Connexion à la base de donnée réussi /Applications/MAMP/htdocs/UE4-projet/config/database.php
2025-01-25 15:17:58 [INFO] Récuperation de toutes les annonces publiées a réussi /Applications/MAMP/htdocs/UE4-projet/app/models/m_announcement.php
2025-01-25 15:20:32 [INFO] Fichier init chargée /Applications/MAMP/htdocs/UE4-projet/config/init.php
2025-01-25 15:20:32 [INFO] Connexion à la base de donnée réussi /Applications/MAMP/htdocs/UE4-projet/config/database.php
2025-01-25 15:20:32 [INFO] Récuperation de toutes les annonces publiées a réussi /Applications/MAMP/htdocs/UE4-projet/app/models/m_announcement.php
2025-01-25 15:21:08 [INFO] Fichier init chargée /Applications/MAMP/htdocs/UE4-projet/config/init.php
2025-01-25 15:21:08 [INFO] Connexion à la base de donnée réussi /Applications/MAMP/htdocs/UE4-projet/config/database.php
2025-01-25 15:21:08 [INFO] Récuperation de toutes les annonces publiées a réussi /Applications/MAMP/htdocs/UE4-projet/app/models/m_announcement.php
2025-01-25 15:21:36 [INFO] Fichier init chargée /Applications/MAMP/htdocs/UE4-projet/config/init.php
2025-01-25 15:21:36 [INFO] Connexion à la base de donnée réussi /Applications/MAMP/htdocs/UE4-projet/config/database.php
2025-01-25 15:21:36 [INFO] Récuperation de toutes les annonces publiées a réussi /Applications/MAMP/htdocs/UE4-projet/app/models/m_announcement.php
2025-01-25 15:21:59 [INFO] Fichier init chargée /Applications/MAMP/htdocs/UE4-projet/config/init.php
2025-01-25 15:21:59 [INFO] Connexion à la base de donnée réussi /Applications/MAMP/htdocs/UE4-projet/config/database.php
2025-01-25 15:21:59 [INFO] Récuperation de toutes les annonces publiées a réussi /Applications/MAMP/htdocs/UE4-projet/app/models/m_announcement.php
2025-01-25 15:22:12 [INFO] Fichier init chargée /Applications/MAMP/htdocs/UE4-projet/config/init.php
2025-01-25 15:22:12 [INFO] Connexion à la base de donnée réussi /Applications/MAMP/htdocs/UE4-projet/config/database.php
2025-01-25 15:22:12 [INFO] Récuperation de toutes les annonces publiées a réussi /Applications/MAMP/htdocs/UE4-projet/app/models/m_announcement.php
2025-01-25 15:22:13 [INFO] Fichier init chargée /Applications/MAMP/htdocs/UE4-projet/config/init.php
2025-01-25 15:22:13 [INFO] Connexion à la base de donnée réussi /Applications/MAMP/htdocs/UE4-projet/config/database.php
2025-01-25 15:22:13 [INFO] Récuperation de toutes les annonces publiées a réussi /Applications/MAMP/htdocs/UE4-projet/app/models/m_announcement.php
2025-01-25 15:22:14 [INFO] Fichier init chargée /Applications/MAMP/htdocs/UE4-projet/config/init.php
2025-01-25 15:22:14 [INFO] Connexion à la base de donnée réussi /Applications/MAMP/htdocs/UE4-projet/config/database.php
2025-01-25 15:22:14 [INFO] Récuperation de l'annonce  ID : (3) a  réussi /Applications/MAMP/htdocs/UE4-projet/app/models/m_announcement.php
2025-01-25 15:22:16 [INFO] Fichier init chargée /Applications/MAMP/htdocs/UE4-projet/config/init.php
2025-01-25 15:22:16 [INFO] Connexion à la base de donnée réussi /Applications/MAMP/htdocs/UE4-projet/config/database.php
2025-01-25 15:22:16 [INFO] Récuperation de toutes les annonces publiées a réussi /Applications/MAMP/htdocs/UE4-projet/app/models/m_announcement.php
2025-01-25 15:22:39 [INFO] Fichier init chargée /Applications/MAMP/htdocs/UE4-projet/config/init.php
2025-01-25 15:22:39 [INFO] Connexion à la base de donnée réussi /Applications/MAMP/htdocs/UE4-projet/config/database.php
2025-01-25 15:22:39 [INFO] Récuperation de toutes les annonces publiées a réussi /Applications/MAMP/htdocs/UE4-projet/app/models/m_announcement.php
2025-01-25 15:22:58 [INFO] Fichier init chargée /Applications/MAMP/htdocs/UE4-projet/config/init.php
2025-01-25 15:22:58 [INFO] Connexion à la base de donnée réussi /Applications/MAMP/htdocs/UE4-projet/config/database.php
2025-01-25 15:22:58 [INFO] Récuperation de toutes les annonces publiées a réussi /Applications/MAMP/htdocs/UE4-projet/app/models/m_announcement.php
2025-01-25 15:23:09 [INFO] Fichier init chargée /Applications/MAMP/htdocs/UE4-projet/config/init.php
2025-01-25 15:23:09 [INFO] Connexion à la base de donnée réussi /Applications/MAMP/htdocs/UE4-projet/config/database.php
2025-01-25 15:23:09 [INFO] Récuperation de toutes les annonces publiées a réussi /Applications/MAMP/htdocs/UE4-projet/app/models/m_announcement.php
2025-01-25 15:23:19 [INFO] Fichier init chargée /Applications/MAMP/htdocs/UE4-projet/config/init.php
2025-01-25 15:23:19 [INFO] Connexion à la base de donnée réussi /Applications/MAMP/htdocs/UE4-projet/config/database.php
2025-01-25 15:23:19 [INFO] Récuperation de toutes les annonces publiées a réussi /Applications/MAMP/htdocs/UE4-projet/app/models/m_announcement.php
2025-01-25 15:24:32 [INFO] Fichier init chargée /Applications/MAMP/htdocs/UE4-projet/config/init.php
2025-01-25 15:24:32 [INFO] Connexion à la base de donnée réussi /Applications/MAMP/htdocs/UE4-projet/config/database.php
2025-01-25 15:24:32 [INFO] Récuperation de toutes les annonces publiées a réussi /Applications/MAMP/htdocs/UE4-projet/app/models/m_announcement.php
2025-01-25 15:24:53 [INFO] Fichier init chargée /Applications/MAMP/htdocs/UE4-projet/config/init.php
2025-01-25 15:24:53 [INFO] Connexion à la base de donnée réussi /Applications/MAMP/htdocs/UE4-projet/config/database.php
2025-01-25 15:24:53 [INFO] Récuperation de toutes les annonces publiées a réussi /Applications/MAMP/htdocs/UE4-projet/app/models/m_announcement.php
2025-01-25 15:25:18 [INFO] Fichier init chargée /Applications/MAMP/htdocs/UE4-projet/config/init.php
2025-01-25 15:25:18 [INFO] Connexion à la base de donnée réussi /Applications/MAMP/htdocs/UE4-projet/config/database.php
2025-01-25 15:25:18 [INFO] Récuperation de toutes les annonces publiées a réussi /Applications/MAMP/htdocs/UE4-projet/app/models/m_announcement.php
2025-01-25 15:26:55 [INFO] Fichier init chargée /Applications/MAMP/htdocs/UE4-projet/config/init.php
2025-01-25 15:26:55 [INFO] Connexion à la base de donnée réussi /Applications/MAMP/htdocs/UE4-projet/config/database.php
2025-01-25 15:26:55 [INFO] Récuperation de toutes les annonces publiées a réussi /Applications/MAMP/htdocs/UE4-projet/app/models/m_announcement.php
2025-01-25 15:27:34 [INFO] Fichier init chargée /Applications/MAMP/htdocs/UE4-projet/config/init.php
2025-01-25 15:27:34 [INFO] Connexion à la base de donnée réussi /Applications/MAMP/htdocs/UE4-projet/config/database.php
2025-01-25 15:27:34 [INFO] Récuperation de toutes les annonces publiées a réussi /Applications/MAMP/htdocs/UE4-projet/app/models/m_announcement.php
2025-01-25 15:27:47 [INFO] Fichier init chargée /Applications/MAMP/htdocs/UE4-projet/config/init.php
2025-01-25 15:27:47 [INFO] Connexion à la base de donnée réussi /Applications/MAMP/htdocs/UE4-projet/config/database.php
2025-01-25 15:27:47 [INFO] Récuperation de toutes les annonces publiées a réussi /Applications/MAMP/htdocs/UE4-projet/app/models/m_announcement.php
2025-01-25 15:30:35 [INFO] Fichier init chargée /Applications/MAMP/htdocs/UE4-projet/config/init.php
2025-01-25 15:30:35 [INFO] Connexion à la base de donnée réussi /Applications/MAMP/htdocs/UE4-projet/config/database.php
2025-01-25 15:30:35 [INFO] Récuperation de toutes les annonces publiées a réussi /Applications/MAMP/htdocs/UE4-projet/app/models/m_announcement.php
2025-01-25 15:31:08 [INFO] Fichier init chargée /Applications/MAMP/htdocs/UE4-projet/config/init.php
2025-01-25 15:31:08 [INFO] Connexion à la base de donnée réussi /Applications/MAMP/htdocs/UE4-projet/config/database.php
2025-01-25 15:31:08 [INFO] Récuperation de toutes les annonces publiées a réussi /Applications/MAMP/htdocs/UE4-projet/app/models/m_announcement.php
2025-01-25 15:40:02 [INFO] Fichier init chargée /Applications/MAMP/htdocs/UE4-projet/config/init.php
2025-01-25 15:40:02 [INFO] Connexion à la base de donnée réussi /Applications/MAMP/htdocs/UE4-projet/config/database.php
2025-01-25 15:40:02 [INFO] Récuperation de toutes les annonces publiées a réussi /Applications/MAMP/htdocs/UE4-projet/app/models/m_announcement.php
2025-01-25 15:40:28 [INFO] Fichier init chargée /Applications/MAMP/htdocs/UE4-projet/config/init.php
2025-01-25 15:40:28 [INFO] Connexion à la base de donnée réussi /Applications/MAMP/htdocs/UE4-projet/config/database.php
2025-01-25 15:40:28 [INFO] Récuperation de toutes les annonces publiées a réussi /Applications/MAMP/htdocs/UE4-projet/app/models/m_announcement.php
2025-01-25 15:42:11 [INFO] Fichier init chargée /Applications/MAMP/htdocs/UE4-projet/config/init.php
2025-01-25 15:42:11 [INFO] Connexion à la base de donnée réussi /Applications/MAMP/htdocs/UE4-projet/config/database.php
2025-01-25 15:42:11 [INFO] Récuperation de toutes les annonces publiées a réussi /Applications/MAMP/htdocs/UE4-projet/app/models/m_announcement.php
2025-01-25 15:57:33 [INFO] Fichier init chargée /Applications/MAMP/htdocs/UE4-projet/config/init.php
2025-01-25 15:57:33 [INFO] Connexion à la base de donnée réussi /Applications/MAMP/htdocs/UE4-projet/config/database.php
2025-01-25 15:57:33 [INFO] Récuperation de toutes les annonces publiées a réussi /Applications/MAMP/htdocs/UE4-projet/app/models/m_announcement.php
2025-01-25 15:57:37 [INFO] Fichier init chargée /Applications/MAMP/htdocs/UE4-projet/config/init.php
2025-01-25 15:57:37 [INFO] Connexion à la base de donnée réussi /Applications/MAMP/htdocs/UE4-projet/config/database.php
2025-01-25 15:57:58 [INFO] Fichier init chargée /Applications/MAMP/htdocs/UE4-projet/config/init.php
2025-01-25 15:57:58 [INFO] Connexion à la base de donnée réussi /Applications/MAMP/htdocs/UE4-projet/config/database.php
2025-01-25 15:57:59 [INFO] Fichier init chargée /Applications/MAMP/htdocs/UE4-projet/config/init.php
2025-01-25 15:57:59 [INFO] Connexion à la base de donnée réussi /Applications/MAMP/htdocs/UE4-projet/config/database.php
2025-01-25 15:58:38 [INFO] Fichier init chargée /Applications/MAMP/htdocs/UE4-projet/config/init.php
2025-01-25 15:58:38 [INFO] Connexion à la base de donnée réussi /Applications/MAMP/htdocs/UE4-projet/config/database.php
2025-01-25 15:58:38 [INFO] Récuperation de l' utilisateur ID : (1) a réussi /Applications/MAMP/htdocs/UE4-projet/app/models/m_user.php
2025-01-25 15:58:38 [INFO] Récuperation des status réussi /Applications/MAMP/htdocs/UE4-projet/app/models/m_statuses.php
2025-01-25 15:58:38 [INFO] Récuperation de toutes les annonces publiées utilisateu ID (1) a réussi /Applications/MAMP/htdocs/UE4-projet/app/models/m_announcement.php
2025-01-25 15:58:40 [INFO] Fichier init chargée /Applications/MAMP/htdocs/UE4-projet/config/init.php
2025-01-25 15:58:40 [INFO] Connexion à la base de donnée réussi /Applications/MAMP/htdocs/UE4-projet/config/database.php
2025-01-25 15:58:40 [INFO] Récuperation de l' utilisateur ID : (1) a réussi /Applications/MAMP/htdocs/UE4-projet/app/models/m_user.php
2025-01-25 15:58:42 [INFO] Fichier init chargée /Applications/MAMP/htdocs/UE4-projet/config/init.php
2025-01-25 15:58:42 [INFO] Connexion à la base de donnée réussi /Applications/MAMP/htdocs/UE4-projet/config/database.php
2025-01-25 15:58:42 [INFO] Récuperation de l' utilisateur ID : (1) a réussi /Applications/MAMP/htdocs/UE4-projet/app/models/m_user.php
2025-01-25 15:58:42 [INFO] Récuperation des status réussi /Applications/MAMP/htdocs/UE4-projet/app/models/m_statuses.php
2025-01-25 15:58:42 [INFO] Récuperation de toutes les annonces publiées utilisateu ID (1) a réussi /Applications/MAMP/htdocs/UE4-projet/app/models/m_announcement.php
2025-01-25 15:58:43 [INFO] Fichier init chargée /Applications/MAMP/htdocs/UE4-projet/config/init.php
2025-01-25 15:58:43 [INFO] Connexion à la base de donnée réussi /Applications/MAMP/htdocs/UE4-projet/config/database.php
2025-01-25 15:59:07 [INFO] Fichier init chargée /Applications/MAMP/htdocs/UE4-projet/config/init.php
2025-01-25 15:59:07 [INFO] Connexion à la base de donnée réussi /Applications/MAMP/htdocs/UE4-projet/config/database.php
2025-01-25 15:59:10 [INFO] Fichier init chargée /Applications/MAMP/htdocs/UE4-projet/config/init.php
2025-01-25 15:59:10 [INFO] Connexion à la base de donnée réussi /Applications/MAMP/htdocs/UE4-projet/config/database.php
2025-01-25 16:04:07 [INFO] Fichier init chargée /Applications/MAMP/htdocs/UE4-projet/config/init.php
2025-01-25 16:04:07 [INFO] Connexion à la base de donnée réussi /Applications/MAMP/htdocs/UE4-projet/config/database.php
2025-01-25 16:13:08 [INFO] Fichier init chargée /Applications/MAMP/htdocs/UE4-projet/config/init.php
2025-01-25 16:13:08 [INFO] Connexion à la base de donnée réussi /Applications/MAMP/htdocs/UE4-projet/config/database.php
2025-01-25 16:16:36 [INFO] Fichier init chargée /Applications/MAMP/htdocs/UE4-projet/config/init.php
2025-01-25 16:16:36 [INFO] Connexion à la base de donnée réussi /Applications/MAMP/htdocs/UE4-projet/config/database.php
2025-01-25 16:16:38 [INFO] Fichier init chargée /Applications/MAMP/htdocs/UE4-projet/config/init.php
2025-01-25 16:16:38 [INFO] Connexion à la base de donnée réussi /Applications/MAMP/htdocs/UE4-projet/config/database.php
2025-01-25 16:16:40 [INFO] Fichier init chargée /Applications/MAMP/htdocs/UE4-projet/config/init.php
2025-01-25 16:16:40 [INFO] Connexion à la base de donnée réussi /Applications/MAMP/htdocs/UE4-projet/config/database.php
2025-01-25 16:17:36 [INFO] Fichier init chargée /Applications/MAMP/htdocs/UE4-projet/config/init.php
2025-01-25 16:17:36 [INFO] Connexion à la base de donnée réussi /Applications/MAMP/htdocs/UE4-projet/config/database.php
2025-01-25 16:18:00 [INFO] Fichier init chargée /Applications/MAMP/htdocs/UE4-projet/config/init.php
2025-01-25 16:18:00 [INFO] Connexion à la base de donnée réussi /Applications/MAMP/htdocs/UE4-projet/config/database.php
2025-01-25 16:18:29 [INFO] Fichier init chargée /Applications/MAMP/htdocs/UE4-projet/config/init.php
2025-01-25 16:18:29 [INFO] Connexion à la base de donnée réussi /Applications/MAMP/htdocs/UE4-projet/config/database.php
2025-01-25 16:21:24 [INFO] Fichier init chargée /Applications/MAMP/htdocs/UE4-projet/config/init.php
2025-01-25 16:21:24 [INFO] Connexion à la base de donnée réussi /Applications/MAMP/htdocs/UE4-projet/config/database.php
2025-01-25 16:21:28 [INFO] Fichier init chargée /Applications/MAMP/htdocs/UE4-projet/config/init.php
2025-01-25 16:21:28 [INFO] Connexion à la base de donnée réussi /Applications/MAMP/htdocs/UE4-projet/config/database.php
2025-01-25 16:22:24 [INFO] Fichier init chargée /Applications/MAMP/htdocs/UE4-projet/config/init.php
2025-01-25 16:22:24 [INFO] Connexion à la base de donnée réussi /Applications/MAMP/htdocs/UE4-projet/config/database.php
2025-01-25 16:25:05 [INFO] Fichier init chargée /Applications/MAMP/htdocs/UE4-projet/config/init.php
2025-01-25 16:25:05 [INFO] Connexion à la base de donnée réussi /Applications/MAMP/htdocs/UE4-projet/config/database.php
2025-01-25 16:25:24 [INFO] Fichier init chargée /Applications/MAMP/htdocs/UE4-projet/config/init.php
2025-01-25 16:25:24 [INFO] Connexion à la base de donnée réussi /Applications/MAMP/htdocs/UE4-projet/config/database.php
2025-01-25 16:26:30 [INFO] Fichier init chargée /Applications/MAMP/htdocs/UE4-projet/config/init.php
2025-01-25 16:26:30 [INFO] Connexion à la base de donnée réussi /Applications/MAMP/htdocs/UE4-projet/config/database.php
2025-01-25 16:27:20 [INFO] Fichier init chargée /Applications/MAMP/htdocs/UE4-projet/config/init.php
2025-01-25 16:27:20 [INFO] Connexion à la base de donnée réussi /Applications/MAMP/htdocs/UE4-projet/config/database.php
2025-01-25 17:20:01 [INFO] Fichier init chargée /Applications/MAMP/htdocs/UE4-projet/config/init.php
2025-01-25 17:20:01 [INFO] Connexion à la base de donnée réussi /Applications/MAMP/htdocs/UE4-projet/config/database.php
2025-01-25 17:20:03 [INFO] Fichier init chargée /Applications/MAMP/htdocs/UE4-projet/config/init.php
2025-01-25 17:20:03 [INFO] Connexion à la base de donnée réussi /Applications/MAMP/htdocs/UE4-projet/config/database.php
2025-01-25 17:20:06 [INFO] Fichier init chargée /Applications/MAMP/htdocs/UE4-projet/config/init.php
2025-01-25 17:20:06 [INFO] Connexion à la base de donnée réussi /Applications/MAMP/htdocs/UE4-projet/config/database.php
2025-01-25 17:20:13 [INFO] Fichier init chargée /Applications/MAMP/htdocs/UE4-projet/config/init.php
2025-01-25 17:20:13 [INFO] Connexion à la base de donnée réussi /Applications/MAMP/htdocs/UE4-projet/config/database.php
2025-01-25 17:21:18 [INFO] Fichier init chargée /Applications/MAMP/htdocs/UE4-projet/config/init.php
2025-01-25 17:21:18 [INFO] Connexion à la base de donnée réussi /Applications/MAMP/htdocs/UE4-projet/config/database.php
2025-01-25 17:22:20 [INFO] Fichier init chargée /Applications/MAMP/htdocs/UE4-projet/config/init.php
2025-01-25 17:22:20 [INFO] Connexion à la base de donnée réussi /Applications/MAMP/htdocs/UE4-projet/config/database.php
2025-01-25 17:22:24 [INFO] Fichier init chargée /Applications/MAMP/htdocs/UE4-projet/config/init.php
2025-01-25 17:22:24 [INFO] Connexion à la base de donnée réussi /Applications/MAMP/htdocs/UE4-projet/config/database.php
2025-01-25 17:22:46 [INFO] Fichier init chargée /Applications/MAMP/htdocs/UE4-projet/config/init.php
2025-01-25 17:22:46 [INFO] Connexion à la base de donnée réussi /Applications/MAMP/htdocs/UE4-projet/config/database.php
2025-01-25 17:28:27 [INFO] Fichier init chargée /Applications/MAMP/htdocs/UE4-projet/config/init.php
2025-01-25 17:28:27 [INFO] Connexion à la base de donnée réussi /Applications/MAMP/htdocs/UE4-projet/config/database.php
2025-01-25 17:28:42 [INFO] Fichier init chargée /Applications/MAMP/htdocs/UE4-projet/config/init.php
2025-01-25 17:28:42 [INFO] Connexion à la base de donnée réussi /Applications/MAMP/htdocs/UE4-projet/config/database.php
2025-01-25 17:32:33 [INFO] Fichier init chargée /Applications/MAMP/htdocs/UE4-projet/config/init.php
2025-01-25 17:32:33 [INFO] Connexion à la base de donnée réussi /Applications/MAMP/htdocs/UE4-projet/config/database.php
2025-01-25 17:32:33 [INFO] Fichier init chargée /Applications/MAMP/htdocs/UE4-projet/config/init.php
2025-01-25 17:32:33 [INFO] Connexion à la base de donnée réussi /Applications/MAMP/htdocs/UE4-projet/config/database.php
2025-01-25 17:33:40 [INFO] Fichier init chargée /Applications/MAMP/htdocs/UE4-projet/config/init.php
2025-01-25 17:33:40 [INFO] Connexion à la base de donnée réussi /Applications/MAMP/htdocs/UE4-projet/config/database.php
2025-01-25 17:33:42 [INFO] Fichier init chargée /Applications/MAMP/htdocs/UE4-projet/config/init.php
2025-01-25 17:33:42 [INFO] Connexion à la base de donnée réussi /Applications/MAMP/htdocs/UE4-projet/config/database.php
2025-01-25 17:33:42 [INFO] Récuperation de toutes les annonces publiées a réussi /Applications/MAMP/htdocs/UE4-projet/app/models/m_announcement.php
2025-01-25 17:41:56 [INFO] Fichier init chargée /Applications/MAMP/htdocs/UE4-projet/config/init.php
2025-01-25 17:41:56 [INFO] Connexion à la base de donnée réussi /Applications/MAMP/htdocs/UE4-projet/config/database.php
2025-01-25 17:41:56 [INFO] Récuperation de toutes les annonces publiées a réussi /Applications/MAMP/htdocs/UE4-projet/app/models/m_announcement.php
2025-01-25 18:01:15 [INFO] Fichier init chargée /Applications/MAMP/htdocs/UE4-projet/config/init.php
2025-01-25 18:01:15 [INFO] Connexion à la base de donnée réussi /Applications/MAMP/htdocs/UE4-projet/config/database.php
2025-01-25 18:01:15 [INFO] Récuperation de toutes les annonces publiées a réussi /Applications/MAMP/htdocs/UE4-projet/app/models/m_announcement.php
2025-01-25 18:01:17 [INFO] Fichier init chargée /Applications/MAMP/htdocs/UE4-projet/config/init.php
2025-01-25 18:01:17 [INFO] Connexion à la base de donnée réussi /Applications/MAMP/htdocs/UE4-projet/config/database.php
2025-01-25 18:01:17 [INFO] Récuperation de toutes les annonces publiées a réussi /Applications/MAMP/htdocs/UE4-projet/app/models/m_announcement.php
2025-01-25 18:01:19 [INFO] Fichier init chargée /Applications/MAMP/htdocs/UE4-projet/config/init.php
2025-01-25 18:01:19 [INFO] Connexion à la base de donnée réussi /Applications/MAMP/htdocs/UE4-projet/config/database.php
2025-01-25 18:01:19 [INFO] Récuperation de toutes les annonces publiées a réussi /Applications/MAMP/htdocs/UE4-projet/app/models/m_announcement.php
2025-01-25 18:06:06 [INFO] Fichier init chargée /Applications/MAMP/htdocs/UE4-projet/config/init.php
2025-01-25 18:06:06 [INFO] Connexion à la base de donnée réussi /Applications/MAMP/htdocs/UE4-projet/config/database.php
2025-01-25 18:06:06 [INFO] Récuperation de toutes les annonces publiées a réussi /Applications/MAMP/htdocs/UE4-projet/app/models/m_announcement.php
2025-01-25 18:07:09 [INFO] Fichier init chargée /Applications/MAMP/htdocs/UE4-projet/config/init.php
2025-01-25 18:07:09 [INFO] Connexion à la base de donnée réussi /Applications/MAMP/htdocs/UE4-projet/config/database.php
2025-01-25 18:07:09 [INFO] Récuperation de toutes les annonces publiées a réussi /Applications/MAMP/htdocs/UE4-projet/app/models/m_announcement.php
2025-01-25 18:07:23 [INFO] Fichier init chargée /Applications/MAMP/htdocs/UE4-projet/config/init.php
2025-01-25 18:07:23 [INFO] Connexion à la base de donnée réussi /Applications/MAMP/htdocs/UE4-projet/config/database.php
2025-01-25 18:07:23 [INFO] Récuperation de toutes les annonces publiées a réussi /Applications/MAMP/htdocs/UE4-projet/app/models/m_announcement.php
2025-01-25 18:09:56 [INFO] Fichier init chargée /Applications/MAMP/htdocs/UE4-projet/config/init.php
2025-01-25 18:09:56 [INFO] Connexion à la base de donnée réussi /Applications/MAMP/htdocs/UE4-projet/config/database.php
2025-01-25 18:09:56 [INFO] Récuperation de toutes les annonces publiées a réussi /Applications/MAMP/htdocs/UE4-projet/app/models/m_announcement.php
2025-01-25 18:09:58 [INFO] Fichier init chargée /Applications/MAMP/htdocs/UE4-projet/config/init.php
2025-01-25 18:09:58 [INFO] Connexion à la base de donnée réussi /Applications/MAMP/htdocs/UE4-projet/config/database.php
2025-01-25 18:09:58 [INFO] Récuperation de toutes les annonces publiées a réussi /Applications/MAMP/htdocs/UE4-projet/app/models/m_announcement.php
2025-01-25 18:13:50 [INFO] Fichier init chargée /Applications/MAMP/htdocs/UE4-projet/config/init.php
2025-01-25 18:13:50 [INFO] Connexion à la base de donnée réussi /Applications/MAMP/htdocs/UE4-projet/config/database.php
2025-01-25 18:13:50 [INFO] Récuperation de toutes les annonces publiées a réussi /Applications/MAMP/htdocs/UE4-projet/app/models/m_announcement.php
2025-01-25 18:15:06 [INFO] Fichier init chargée /Applications/MAMP/htdocs/UE4-projet/config/init.php
2025-01-25 18:15:06 [INFO] Connexion à la base de donnée réussi /Applications/MAMP/htdocs/UE4-projet/config/database.php
2025-01-25 18:15:06 [INFO] Récuperation de toutes les annonces publiées a réussi /Applications/MAMP/htdocs/UE4-projet/app/models/m_announcement.php
2025-01-25 18:15:39 [INFO] Fichier init chargée /Applications/MAMP/htdocs/UE4-projet/config/init.php
2025-01-25 18:15:39 [INFO] Connexion à la base de donnée réussi /Applications/MAMP/htdocs/UE4-projet/config/database.php
2025-01-25 18:15:39 [INFO] Récuperation de toutes les annonces publiées a réussi /Applications/MAMP/htdocs/UE4-projet/app/models/m_announcement.php
2025-01-25 18:15:51 [INFO] Fichier init chargée /Applications/MAMP/htdocs/UE4-projet/config/init.php
2025-01-25 18:15:51 [INFO] Connexion à la base de donnée réussi /Applications/MAMP/htdocs/UE4-projet/config/database.php
2025-01-25 18:15:51 [INFO] Récuperation de toutes les annonces publiées a réussi /Applications/MAMP/htdocs/UE4-projet/app/models/m_announcement.php
2025-01-25 18:16:04 [INFO] Fichier init chargée /Applications/MAMP/htdocs/UE4-projet/config/init.php
2025-01-25 18:16:04 [INFO] Connexion à la base de donnée réussi /Applications/MAMP/htdocs/UE4-projet/config/database.php
2025-01-25 18:16:04 [INFO] Récuperation de toutes les annonces publiées a réussi /Applications/MAMP/htdocs/UE4-projet/app/models/m_announcement.php
2025-01-25 18:18:36 [INFO] Fichier init chargée /Applications/MAMP/htdocs/UE4-projet/config/init.php
2025-01-25 18:18:36 [INFO] Connexion à la base de donnée réussi /Applications/MAMP/htdocs/UE4-projet/config/database.php
2025-01-25 18:18:36 [INFO] Récuperation de toutes les annonces publiées a réussi /Applications/MAMP/htdocs/UE4-projet/app/models/m_announcement.php
2025-01-25 18:19:43 [INFO] Fichier init chargée /Applications/MAMP/htdocs/UE4-projet/config/init.php
2025-01-25 18:19:43 [INFO] Connexion à la base de donnée réussi /Applications/MAMP/htdocs/UE4-projet/config/database.php
2025-01-25 18:19:43 [INFO] Récuperation de toutes les annonces publiées a réussi /Applications/MAMP/htdocs/UE4-projet/app/models/m_announcement.php
2025-01-25 18:19:54 [INFO] Fichier init chargée /Applications/MAMP/htdocs/UE4-projet/config/init.php
2025-01-25 18:19:54 [INFO] Connexion à la base de donnée réussi /Applications/MAMP/htdocs/UE4-projet/config/database.php
2025-01-25 18:19:54 [INFO] Récuperation de toutes les annonces publiées a réussi /Applications/MAMP/htdocs/UE4-projet/app/models/m_announcement.php
2025-01-25 18:25:49 [INFO] Fichier init chargée /Applications/MAMP/htdocs/UE4-projet/config/init.php
2025-01-25 18:25:49 [INFO] Connexion à la base de donnée réussi /Applications/MAMP/htdocs/UE4-projet/config/database.php
2025-01-25 18:25:49 [INFO] Récuperation de toutes les annonces publiées a réussi /Applications/MAMP/htdocs/UE4-projet/app/models/m_announcement.php
2025-01-25 18:30:27 [INFO] Fichier init chargée /Applications/MAMP/htdocs/UE4-projet/config/init.php
2025-01-25 18:30:27 [INFO] Connexion à la base de donnée réussi /Applications/MAMP/htdocs/UE4-projet/config/database.php
2025-01-25 18:30:27 [INFO] Récuperation de toutes les annonces publiées a réussi /Applications/MAMP/htdocs/UE4-projet/app/models/m_announcement.php
2025-01-25 18:30:57 [INFO] Fichier init chargée /Applications/MAMP/htdocs/UE4-projet/config/init.php
2025-01-25 18:30:57 [INFO] Connexion à la base de donnée réussi /Applications/MAMP/htdocs/UE4-projet/config/database.php
2025-01-25 18:30:57 [INFO] Récuperation de toutes les annonces publiées a réussi /Applications/MAMP/htdocs/UE4-projet/app/models/m_announcement.php
2025-01-25 18:31:11 [INFO] Fichier init chargée /Applications/MAMP/htdocs/UE4-projet/config/init.php
2025-01-25 18:31:11 [INFO] Connexion à la base de donnée réussi /Applications/MAMP/htdocs/UE4-projet/config/database.php
2025-01-25 18:31:11 [INFO] Récuperation de toutes les annonces publiées a réussi /Applications/MAMP/htdocs/UE4-projet/app/models/m_announcement.php
2025-01-25 18:41:07 [INFO] Fichier init chargée /Applications/MAMP/htdocs/UE4-projet/config/init.php
2025-01-25 18:41:07 [INFO] Connexion à la base de donnée réussi /Applications/MAMP/htdocs/UE4-projet/config/database.php
2025-01-25 18:41:07 [INFO] Récuperation de toutes les annonces publiées a réussi /Applications/MAMP/htdocs/UE4-projet/app/models/m_announcement.php
2025-01-25 18:41:15 [INFO] Fichier init chargée /Applications/MAMP/htdocs/UE4-projet/config/init.php
2025-01-25 18:41:15 [INFO] Connexion à la base de donnée réussi /Applications/MAMP/htdocs/UE4-projet/config/database.php
2025-01-25 18:41:22 [INFO] Fichier init chargée /Applications/MAMP/htdocs/UE4-projet/config/init.php
2025-01-25 18:41:22 [INFO] Connexion à la base de donnée réussi /Applications/MAMP/htdocs/UE4-projet/config/database.php
2025-01-25 18:41:22 [INFO] Récuperation de toutes les annonces publiées a réussi /Applications/MAMP/htdocs/UE4-projet/app/models/m_announcement.php
2025-01-25 18:41:28 [INFO] Fichier init chargée /Applications/MAMP/htdocs/UE4-projet/config/init.php
2025-01-25 18:41:28 [INFO] Connexion à la base de donnée réussi /Applications/MAMP/htdocs/UE4-projet/config/database.php
2025-01-25 18:44:40 [INFO] Fichier init chargée /Applications/MAMP/htdocs/UE4-projet/config/init.php
2025-01-25 18:44:40 [INFO] Connexion à la base de donnée réussi /Applications/MAMP/htdocs/UE4-projet/config/database.php
2025-01-25 18:44:42 [INFO] Fichier init chargée /Applications/MAMP/htdocs/UE4-projet/config/init.php
2025-01-25 18:44:42 [INFO] Connexion à la base de donnée réussi /Applications/MAMP/htdocs/UE4-projet/config/database.php
2025-01-25 18:48:38 [INFO] Fichier init chargée /Applications/MAMP/htdocs/UE4-projet/config/init.php
2025-01-25 18:48:38 [INFO] Connexion à la base de donnée réussi /Applications/MAMP/htdocs/UE4-projet/config/database.php
2025-01-25 18:48:38 [INFO] Récuperation de toutes les annonces publiées a réussi /Applications/MAMP/htdocs/UE4-projet/app/models/m_announcement.php
2025-01-25 18:48:41 [INFO] Fichier init chargée /Applications/MAMP/htdocs/UE4-projet/config/init.php
2025-01-25 18:48:41 [INFO] Connexion à la base de donnée réussi /Applications/MAMP/htdocs/UE4-projet/config/database.php
2025-01-25 18:50:12 [INFO] Fichier init chargée /Applications/MAMP/htdocs/UE4-projet/config/init.php
2025-01-25 18:50:12 [INFO] Connexion à la base de donnée réussi /Applications/MAMP/htdocs/UE4-projet/config/database.php
2025-01-25 18:50:12 [INFO] Récuperation de toutes les annonces publiées a réussi /Applications/MAMP/htdocs/UE4-projet/app/models/m_announcement.php
2025-01-25 18:50:16 [INFO] Fichier init chargée /Applications/MAMP/htdocs/UE4-projet/config/init.php
2025-01-25 18:50:16 [INFO] Connexion à la base de donnée réussi /Applications/MAMP/htdocs/UE4-projet/config/database.php
2025-01-25 18:51:42 [INFO] Fichier init chargée /Applications/MAMP/htdocs/UE4-projet/config/init.php
2025-01-25 18:51:42 [INFO] Connexion à la base de donnée réussi /Applications/MAMP/htdocs/UE4-projet/config/database.php
2025-01-25 18:51:44 [INFO] Fichier init chargée /Applications/MAMP/htdocs/UE4-projet/config/init.php
2025-01-25 18:51:44 [INFO] Connexion à la base de donnée réussi /Applications/MAMP/htdocs/UE4-projet/config/database.php
2025-01-25 18:51:44 [INFO] Récuperation de toutes les annonces publiées a réussi /Applications/MAMP/htdocs/UE4-projet/app/models/m_announcement.php
2025-01-25 18:51:50 [INFO] Fichier init chargée /Applications/MAMP/htdocs/UE4-projet/config/init.php
2025-01-25 18:51:50 [INFO] Connexion à la base de donnée réussi /Applications/MAMP/htdocs/UE4-projet/config/database.php
2025-01-25 18:59:55 [INFO] Fichier init chargée /Applications/MAMP/htdocs/UE4-projet/config/init.php
2025-01-25 18:59:55 [INFO] Connexion à la base de donnée réussi /Applications/MAMP/htdocs/UE4-projet/config/database.php
2025-01-25 18:59:57 [INFO] Fichier init chargée /Applications/MAMP/htdocs/UE4-projet/config/init.php
2025-01-25 18:59:57 [INFO] Connexion à la base de donnée réussi /Applications/MAMP/htdocs/UE4-projet/config/database.php
2025-01-25 18:59:57 [INFO] Récuperation de toutes les annonces publiées a réussi /Applications/MAMP/htdocs/UE4-projet/app/models/m_announcement.php
2025-01-25 19:00:49 [INFO] Fichier init chargée /Applications/MAMP/htdocs/UE4-projet/config/init.php
2025-01-25 19:00:49 [INFO] Connexion à la base de donnée réussi /Applications/MAMP/htdocs/UE4-projet/config/database.php
2025-01-25 19:00:49 [INFO] Récuperation de toutes les annonces publiées a réussi /Applications/MAMP/htdocs/UE4-projet/app/models/m_announcement.php
2025-01-25 19:00:54 [INFO] Fichier init chargée /Applications/MAMP/htdocs/UE4-projet/config/init.php
2025-01-25 19:00:54 [INFO] Connexion à la base de donnée réussi /Applications/MAMP/htdocs/UE4-projet/config/database.php
2025-01-25 19:00:55 [INFO] Fichier init chargée /Applications/MAMP/htdocs/UE4-projet/config/init.php
2025-01-25 19:00:55 [INFO] Connexion à la base de donnée réussi /Applications/MAMP/htdocs/UE4-projet/config/database.php
2025-01-25 19:00:55 [INFO] Récuperation de toutes les annonces publiées a réussi /Applications/MAMP/htdocs/UE4-projet/app/models/m_announcement.php
2025-01-25 19:04:16 [INFO] Fichier init chargée /Applications/MAMP/htdocs/UE4-projet/config/init.php
2025-01-25 19:04:16 [INFO] Connexion à la base de donnée réussi /Applications/MAMP/htdocs/UE4-projet/config/database.php
2025-01-25 19:04:18 [INFO] Fichier init chargée /Applications/MAMP/htdocs/UE4-projet/config/init.php
2025-01-25 19:04:18 [INFO] Connexion à la base de donnée réussi /Applications/MAMP/htdocs/UE4-projet/config/database.php
2025-01-25 19:04:18 [INFO] Récuperation de toutes les annonces publiées a réussi /Applications/MAMP/htdocs/UE4-projet/app/models/m_announcement.php
2025-01-25 19:04:39 [INFO] Fichier init chargée /Applications/MAMP/htdocs/UE4-projet/config/init.php
2025-01-25 19:04:39 [INFO] Connexion à la base de donnée réussi /Applications/MAMP/htdocs/UE4-projet/config/database.php
2025-01-25 19:04:39 [INFO] Récuperation de toutes les annonces publiées a réussi /Applications/MAMP/htdocs/UE4-projet/app/models/m_announcement.php
2025-01-25 19:04:44 [INFO] Fichier init chargée /Applications/MAMP/htdocs/UE4-projet/config/init.php
2025-01-25 19:04:44 [INFO] Connexion à la base de donnée réussi /Applications/MAMP/htdocs/UE4-projet/config/database.php
2025-01-25 19:04:45 [INFO] Fichier init chargée /Applications/MAMP/htdocs/UE4-projet/config/init.php
2025-01-25 19:04:45 [INFO] Connexion à la base de donnée réussi /Applications/MAMP/htdocs/UE4-projet/config/database.php
2025-01-25 19:04:45 [INFO] Récuperation de toutes les annonces publiées a réussi /Applications/MAMP/htdocs/UE4-projet/app/models/m_announcement.php
2025-01-25 19:05:00 [INFO] Fichier init chargée /Applications/MAMP/htdocs/UE4-projet/config/init.php
2025-01-25 19:05:00 [INFO] Connexion à la base de donnée réussi /Applications/MAMP/htdocs/UE4-projet/config/database.php
2025-01-25 19:05:00 [INFO] Récuperation de toutes les annonces publiées a réussi /Applications/MAMP/htdocs/UE4-projet/app/models/m_announcement.php
2025-01-25 19:05:08 [INFO] Fichier init chargée /Applications/MAMP/htdocs/UE4-projet/config/init.php
2025-01-25 19:05:08 [INFO] Connexion à la base de donnée réussi /Applications/MAMP/htdocs/UE4-projet/config/database.php
2025-01-25 19:05:08 [INFO] Récuperation de toutes les annonces publiées a réussi /Applications/MAMP/htdocs/UE4-projet/app/models/m_announcement.php
2025-01-25 19:05:12 [INFO] Fichier init chargée /Applications/MAMP/htdocs/UE4-projet/config/init.php
2025-01-25 19:05:12 [INFO] Connexion à la base de donnée réussi /Applications/MAMP/htdocs/UE4-projet/config/database.php
2025-01-25 19:05:12 [INFO] Récuperation de toutes les annonces publiées a réussi /Applications/MAMP/htdocs/UE4-projet/app/models/m_announcement.php
2025-01-25 19:05:13 [INFO] Fichier init chargée /Applications/MAMP/htdocs/UE4-projet/config/init.php
2025-01-25 19:05:13 [INFO] Connexion à la base de donnée réussi /Applications/MAMP/htdocs/UE4-projet/config/database.php
2025-01-25 19:05:13 [INFO] Récuperation de toutes les annonces publiées a réussi /Applications/MAMP/htdocs/UE4-projet/app/models/m_announcement.php
2025-01-25 19:05:15 [INFO] Fichier init chargée /Applications/MAMP/htdocs/UE4-projet/config/init.php
2025-01-25 19:05:15 [INFO] Connexion à la base de donnée réussi /Applications/MAMP/htdocs/UE4-projet/config/database.php
2025-01-25 19:05:15 [INFO] Récuperation de toutes les annonces publiées a réussi /Applications/MAMP/htdocs/UE4-projet/app/models/m_announcement.php
2025-01-25 19:05:16 [INFO] Fichier init chargée /Applications/MAMP/htdocs/UE4-projet/config/init.php
2025-01-25 19:05:16 [INFO] Connexion à la base de donnée réussi /Applications/MAMP/htdocs/UE4-projet/config/database.php
2025-01-25 19:05:18 [INFO] Fichier init chargée /Applications/MAMP/htdocs/UE4-projet/config/init.php
2025-01-25 19:05:18 [INFO] Connexion à la base de donnée réussi /Applications/MAMP/htdocs/UE4-projet/config/database.php
2025-01-25 19:05:19 [INFO] Fichier init chargée /Applications/MAMP/htdocs/UE4-projet/config/init.php
2025-01-25 19:05:19 [INFO] Connexion à la base de donnée réussi /Applications/MAMP/htdocs/UE4-projet/config/database.php
2025-01-25 19:05:19 [INFO] Récuperation de toutes les annonces publiées a réussi /Applications/MAMP/htdocs/UE4-projet/app/models/m_announcement.php
2025-01-25 19:07:22 [INFO] Fichier init chargée /Applications/MAMP/htdocs/UE4-projet/config/init.php
2025-01-25 19:07:22 [INFO] Connexion à la base de donnée réussi /Applications/MAMP/htdocs/UE4-projet/config/database.php
2025-01-25 19:07:22 [INFO] Récuperation de toutes les annonces publiées a réussi /Applications/MAMP/htdocs/UE4-projet/app/models/m_announcement.php
2025-01-25 19:08:07 [INFO] Fichier init chargée /Applications/MAMP/htdocs/UE4-projet/config/init.php
2025-01-25 19:08:07 [INFO] Connexion à la base de donnée réussi /Applications/MAMP/htdocs/UE4-projet/config/database.php
2025-01-25 19:08:07 [INFO] Récuperation de toutes les annonces publiées a réussi /Applications/MAMP/htdocs/UE4-projet/app/models/m_announcement.php
2025-01-25 19:18:55 [INFO] Fichier init chargée /Applications/MAMP/htdocs/UE4-projet/config/init.php
2025-01-25 19:18:55 [INFO] Connexion à la base de donnée réussi /Applications/MAMP/htdocs/UE4-projet/config/database.php
2025-01-25 19:18:55 [INFO] Récuperation de toutes les annonces publiées a réussi /Applications/MAMP/htdocs/UE4-projet/app/models/m_announcement.php
2025-01-25 19:19:43 [INFO] Fichier init chargée /Applications/MAMP/htdocs/UE4-projet/config/init.php
2025-01-25 19:19:43 [INFO] Connexion à la base de donnée réussi /Applications/MAMP/htdocs/UE4-projet/config/database.php
2025-01-25 19:19:43 [INFO] Récuperation de toutes les annonces publiées a réussi /Applications/MAMP/htdocs/UE4-projet/app/models/m_announcement.php
2025-01-25 19:48:28 [INFO] Fichier init chargée /Applications/MAMP/htdocs/UE4-projet/config/init.php
2025-01-25 19:48:28 [INFO] Connexion à la base de donnée réussi /Applications/MAMP/htdocs/UE4-projet/config/database.php
2025-01-25 19:48:28 [INFO] Récuperation de toutes les annonces publiées a réussi /Applications/MAMP/htdocs/UE4-projet/app/models/m_announcement.php
2025-01-25 19:49:08 [INFO] Fichier init chargée /Applications/MAMP/htdocs/UE4-projet/config/init.php
2025-01-25 19:49:08 [INFO] Connexion à la base de donnée réussi /Applications/MAMP/htdocs/UE4-projet/config/database.php
2025-01-25 19:49:08 [INFO] Récuperation de toutes les annonces publiées a réussi /Applications/MAMP/htdocs/UE4-projet/app/models/m_announcement.php
2025-01-25 19:49:42 [INFO] Fichier init chargée /Applications/MAMP/htdocs/UE4-projet/config/init.php
2025-01-25 19:49:42 [INFO] Connexion à la base de donnée réussi /Applications/MAMP/htdocs/UE4-projet/config/database.php
2025-01-25 19:49:42 [INFO] Récuperation de toutes les annonces publiées a réussi /Applications/MAMP/htdocs/UE4-projet/app/models/m_announcement.php
2025-01-25 19:50:22 [INFO] Fichier init chargée /Applications/MAMP/htdocs/UE4-projet/config/init.php
2025-01-25 19:50:22 [INFO] Connexion à la base de donnée réussi /Applications/MAMP/htdocs/UE4-projet/config/database.php
2025-01-25 19:50:22 [INFO] Récuperation de toutes les annonces publiées a réussi /Applications/MAMP/htdocs/UE4-projet/app/models/m_announcement.php
2025-01-25 19:50:25 [INFO] Fichier init chargée /Applications/MAMP/htdocs/UE4-projet/config/init.php
2025-01-25 19:50:25 [INFO] Connexion à la base de donnée réussi /Applications/MAMP/htdocs/UE4-projet/config/database.php
2025-01-25 19:50:25 [INFO] Récuperation de toutes les annonces publiées a réussi /Applications/MAMP/htdocs/UE4-projet/app/models/m_announcement.php
2025-01-25 19:51:07 [INFO] Fichier init chargée /Applications/MAMP/htdocs/UE4-projet/config/init.php
2025-01-25 19:51:07 [INFO] Connexion à la base de donnée réussi /Applications/MAMP/htdocs/UE4-projet/config/database.php
2025-01-25 19:51:07 [INFO] Récuperation de toutes les annonces publiées a réussi /Applications/MAMP/htdocs/UE4-projet/app/models/m_announcement.php
2025-01-25 19:51:21 [INFO] Fichier init chargée /Applications/MAMP/htdocs/UE4-projet/config/init.php
2025-01-25 19:51:21 [INFO] Connexion à la base de donnée réussi /Applications/MAMP/htdocs/UE4-projet/config/database.php
2025-01-25 19:51:21 [INFO] Récuperation de toutes les annonces publiées a réussi /Applications/MAMP/htdocs/UE4-projet/app/models/m_announcement.php
2025-01-25 19:53:16 [INFO] Fichier init chargée /Applications/MAMP/htdocs/UE4-projet/config/init.php
2025-01-25 19:53:16 [INFO] Connexion à la base de donnée réussi /Applications/MAMP/htdocs/UE4-projet/config/database.php
2025-01-25 19:53:16 [INFO] Récuperation de toutes les annonces publiées a réussi /Applications/MAMP/htdocs/UE4-projet/app/models/m_announcement.php
2025-01-25 19:53:18 [INFO] Fichier init chargée /Applications/MAMP/htdocs/UE4-projet/config/init.php
2025-01-25 19:53:18 [INFO] Connexion à la base de donnée réussi /Applications/MAMP/htdocs/UE4-projet/config/database.php
2025-01-25 19:53:18 [INFO] Récuperation de toutes les annonces publiées a réussi /Applications/MAMP/htdocs/UE4-projet/app/models/m_announcement.php
2025-01-25 19:55:15 [INFO] Fichier init chargée /Applications/MAMP/htdocs/UE4-projet/config/init.php
2025-01-25 19:55:15 [INFO] Connexion à la base de donnée réussi /Applications/MAMP/htdocs/UE4-projet/config/database.php
2025-01-25 19:55:15 [INFO] Récuperation de toutes les annonces publiées a réussi /Applications/MAMP/htdocs/UE4-projet/app/models/m_announcement.php
2025-01-25 19:56:06 [INFO] Fichier init chargée /Applications/MAMP/htdocs/UE4-projet/config/init.php
2025-01-25 19:56:06 [INFO] Connexion à la base de donnée réussi /Applications/MAMP/htdocs/UE4-projet/config/database.php
2025-01-25 19:56:06 [INFO] Récuperation de toutes les annonces publiées a réussi /Applications/MAMP/htdocs/UE4-projet/app/models/m_announcement.php
2025-01-25 19:56:56 [INFO] Fichier init chargée /Applications/MAMP/htdocs/UE4-projet/config/init.php
2025-01-25 19:56:56 [INFO] Connexion à la base de donnée réussi /Applications/MAMP/htdocs/UE4-projet/config/database.php
2025-01-25 19:56:56 [INFO] Récuperation de toutes les annonces publiées a réussi /Applications/MAMP/htdocs/UE4-projet/app/models/m_announcement.php
2025-01-25 19:57:39 [INFO] Fichier init chargée /Applications/MAMP/htdocs/UE4-projet/config/init.php
2025-01-25 19:57:39 [INFO] Connexion à la base de donnée réussi /Applications/MAMP/htdocs/UE4-projet/config/database.php
2025-01-25 19:57:39 [INFO] Récuperation de toutes les annonces publiées a réussi /Applications/MAMP/htdocs/UE4-projet/app/models/m_announcement.php
2025-01-25 19:58:36 [INFO] Fichier init chargée /Applications/MAMP/htdocs/UE4-projet/config/init.php
2025-01-25 19:58:36 [INFO] Connexion à la base de donnée réussi /Applications/MAMP/htdocs/UE4-projet/config/database.php
2025-01-25 19:58:37 [INFO] Récuperation de toutes les annonces publiées a réussi /Applications/MAMP/htdocs/UE4-projet/app/models/m_announcement.php
2025-01-25 19:59:24 [INFO] Fichier init chargée /Applications/MAMP/htdocs/UE4-projet/config/init.php
2025-01-25 19:59:24 [INFO] Connexion à la base de donnée réussi /Applications/MAMP/htdocs/UE4-projet/config/database.php
2025-01-25 19:59:24 [INFO] Récuperation de toutes les annonces publiées a réussi /Applications/MAMP/htdocs/UE4-projet/app/models/m_announcement.php
2025-01-25 19:59:51 [INFO] Fichier init chargée /Applications/MAMP/htdocs/UE4-projet/config/init.php
2025-01-25 19:59:51 [INFO] Connexion à la base de donnée réussi /Applications/MAMP/htdocs/UE4-projet/config/database.php
2025-01-25 19:59:51 [INFO] Récuperation de toutes les annonces publiées a réussi /Applications/MAMP/htdocs/UE4-projet/app/models/m_announcement.php
2025-01-25 19:59:54 [INFO] Fichier init chargée /Applications/MAMP/htdocs/UE4-projet/config/init.php
2025-01-25 19:59:54 [INFO] Connexion à la base de donnée réussi /Applications/MAMP/htdocs/UE4-projet/config/database.php
2025-01-25 19:59:54 [INFO] Récuperation de toutes les annonces publiées a réussi /Applications/MAMP/htdocs/UE4-projet/app/models/m_announcement.php
2025-01-25 20:08:23 [INFO] Fichier init chargée /Applications/MAMP/htdocs/UE4-projet/config/init.php
2025-01-25 20:08:23 [INFO] Connexion à la base de donnée réussi /Applications/MAMP/htdocs/UE4-projet/config/database.php
2025-01-25 20:08:23 [INFO] Récuperation de toutes les annonces publiées a réussi /Applications/MAMP/htdocs/UE4-projet/app/models/m_announcement.php
2025-01-25 20:08:43 [INFO] Fichier init chargée /Applications/MAMP/htdocs/UE4-projet/config/init.php
2025-01-25 20:08:43 [INFO] Connexion à la base de donnée réussi /Applications/MAMP/htdocs/UE4-projet/config/database.php
2025-01-25 20:08:43 [INFO] Récuperation de toutes les annonces publiées a réussi /Applications/MAMP/htdocs/UE4-projet/app/models/m_announcement.php
2025-01-25 20:08:59 [INFO] Fichier init chargée /Applications/MAMP/htdocs/UE4-projet/config/init.php
2025-01-25 20:08:59 [INFO] Connexion à la base de donnée réussi /Applications/MAMP/htdocs/UE4-projet/config/database.php
2025-01-25 20:26:53 [INFO] Fichier init chargée /Applications/MAMP/htdocs/UE4-projet/config/init.php
2025-01-25 20:26:53 [INFO] Connexion à la base de donnée réussi /Applications/MAMP/htdocs/UE4-projet/config/database.php
2025-01-25 20:26:53 [INFO] Récuperation de toutes les annonces publiées a réussi /Applications/MAMP/htdocs/UE4-projet/app/models/m_announcement.php
2025-01-25 20:26:55 [INFO] Fichier init chargée /Applications/MAMP/htdocs/UE4-projet/config/init.php
2025-01-25 20:26:55 [INFO] Connexion à la base de donnée réussi /Applications/MAMP/htdocs/UE4-projet/config/database.php
2025-01-25 20:26:55 [INFO] Récuperation de toutes les annonces publiées a réussi /Applications/MAMP/htdocs/UE4-projet/app/models/m_announcement.php
2025-01-25 20:26:58 [INFO] Fichier init chargée /Applications/MAMP/htdocs/UE4-projet/config/init.php
2025-01-25 20:26:58 [INFO] Connexion à la base de donnée réussi /Applications/MAMP/htdocs/UE4-projet/config/database.php
2025-01-25 20:27:05 [INFO] Fichier init chargée /Applications/MAMP/htdocs/UE4-projet/config/init.php
2025-01-25 20:27:05 [INFO] Connexion à la base de donnée réussi /Applications/MAMP/htdocs/UE4-projet/config/database.php
2025-01-25 20:27:05 [INFO] Récuperation de toutes les annonces publiées a réussi /Applications/MAMP/htdocs/UE4-projet/app/models/m_announcement.php
2025-01-25 20:27:22 [INFO] Fichier init chargée /Applications/MAMP/htdocs/UE4-projet/config/init.php
2025-01-25 20:27:22 [INFO] Connexion à la base de donnée réussi /Applications/MAMP/htdocs/UE4-projet/config/database.php
2025-01-25 20:27:22 [INFO] Récuperation de toutes les annonces publiées a réussi /Applications/MAMP/htdocs/UE4-projet/app/models/m_announcement.php
2025-01-25 20:27:24 [INFO] Fichier init chargée /Applications/MAMP/htdocs/UE4-projet/config/init.php
2025-01-25 20:27:24 [INFO] Connexion à la base de donnée réussi /Applications/MAMP/htdocs/UE4-projet/config/database.php
2025-01-25 20:28:29 [INFO] Fichier init chargée /Applications/MAMP/htdocs/UE4-projet/config/init.php
2025-01-25 20:28:29 [INFO] Connexion à la base de donnée réussi /Applications/MAMP/htdocs/UE4-projet/config/database.php
2025-01-25 20:28:32 [INFO] Fichier init chargée /Applications/MAMP/htdocs/UE4-projet/config/init.php
2025-01-25 20:28:32 [INFO] Connexion à la base de donnée réussi /Applications/MAMP/htdocs/UE4-projet/config/database.php
2025-01-25 20:28:32 [INFO] Récuperation de toutes les annonces publiées a réussi /Applications/MAMP/htdocs/UE4-projet/app/models/m_announcement.php
2025-01-25 20:28:34 [INFO] Fichier init chargée /Applications/MAMP/htdocs/UE4-projet/config/init.php
2025-01-25 20:28:34 [INFO] Connexion à la base de donnée réussi /Applications/MAMP/htdocs/UE4-projet/config/database.php
2025-01-25 20:28:34 [INFO] Récuperation de toutes les annonces publiées a réussi /Applications/MAMP/htdocs/UE4-projet/app/models/m_announcement.php
2025-01-25 20:28:36 [INFO] Fichier init chargée /Applications/MAMP/htdocs/UE4-projet/config/init.php
2025-01-25 20:28:36 [INFO] Connexion à la base de donnée réussi /Applications/MAMP/htdocs/UE4-projet/config/database.php
2025-01-25 20:28:43 [INFO] Fichier init chargée /Applications/MAMP/htdocs/UE4-projet/config/init.php
2025-01-25 20:28:43 [INFO] Connexion à la base de donnée réussi /Applications/MAMP/htdocs/UE4-projet/config/database.php
2025-01-25 20:28:43 [INFO] Récuperation de toutes les annonces publiées a réussi /Applications/MAMP/htdocs/UE4-projet/app/models/m_announcement.php
2025-01-25 20:29:11 [INFO] Fichier init chargée /Applications/MAMP/htdocs/UE4-projet/config/init.php
2025-01-25 20:29:11 [INFO] Connexion à la base de donnée réussi /Applications/MAMP/htdocs/UE4-projet/config/database.php
2025-01-25 20:30:22 [INFO] Fichier init chargée /Applications/MAMP/htdocs/UE4-projet/config/init.php
2025-01-25 20:30:22 [INFO] Connexion à la base de donnée réussi /Applications/MAMP/htdocs/UE4-projet/config/database.php
2025-01-25 20:30:22 [INFO] Récuperation de toutes les annonces publiées a réussi /Applications/MAMP/htdocs/UE4-projet/app/models/m_announcement.php
2025-01-25 20:30:29 [INFO] Fichier init chargée /Applications/MAMP/htdocs/UE4-projet/config/init.php
2025-01-25 20:30:29 [INFO] Connexion à la base de donnée réussi /Applications/MAMP/htdocs/UE4-projet/config/database.php
2025-01-25 20:32:13 [INFO] Fichier init chargée /Applications/MAMP/htdocs/UE4-projet/config/init.php
2025-01-25 20:32:13 [INFO] Connexion à la base de donnée réussi /Applications/MAMP/htdocs/UE4-projet/config/database.php
2025-01-25 20:32:14 [INFO] Fichier init chargée /Applications/MAMP/htdocs/UE4-projet/config/init.php
2025-01-25 20:32:14 [INFO] Connexion à la base de donnée réussi /Applications/MAMP/htdocs/UE4-projet/config/database.php
2025-01-25 20:33:55 [INFO] Fichier init chargée /Applications/MAMP/htdocs/UE4-projet/config/init.php
2025-01-25 20:33:55 [INFO] Connexion à la base de donnée réussi /Applications/MAMP/htdocs/UE4-projet/config/database.php
2025-01-25 20:34:18 [INFO] Fichier init chargée /Applications/MAMP/htdocs/UE4-projet/config/init.php
2025-01-25 20:34:18 [INFO] Connexion à la base de donnée réussi /Applications/MAMP/htdocs/UE4-projet/config/database.php
2025-01-25 20:34:18 [INFO] Récuperation de toutes les annonces publiées a réussi /Applications/MAMP/htdocs/UE4-projet/app/models/m_announcement.php
2025-01-25 20:36:11 [INFO] Fichier init chargée /Applications/MAMP/htdocs/UE4-projet/config/init.php
2025-01-25 20:36:11 [INFO] Connexion à la base de donnée réussi /Applications/MAMP/htdocs/UE4-projet/config/database.php
2025-01-25 20:36:11 [INFO] Récuperation de toutes les annonces publiées a réussi /Applications/MAMP/htdocs/UE4-projet/app/models/m_announcement.php
2025-01-25 20:36:15 [INFO] Fichier init chargée /Applications/MAMP/htdocs/UE4-projet/config/init.php
2025-01-25 20:36:15 [INFO] Connexion à la base de donnée réussi /Applications/MAMP/htdocs/UE4-projet/config/database.php
2025-01-25 20:36:15 [INFO] Récuperation de toutes les annonces publiées a réussi /Applications/MAMP/htdocs/UE4-projet/app/models/m_announcement.php
2025-01-25 20:36:28 [INFO] Fichier init chargée /Applications/MAMP/htdocs/UE4-projet/config/init.php
2025-01-25 20:36:28 [INFO] Connexion à la base de donnée réussi /Applications/MAMP/htdocs/UE4-projet/config/database.php
2025-01-25 20:38:06 [INFO] Fichier init chargée /Applications/MAMP/htdocs/UE4-projet/config/init.php
2025-01-25 20:38:06 [INFO] Connexion à la base de donnée réussi /Applications/MAMP/htdocs/UE4-projet/config/database.php
2025-01-25 20:38:06 [INFO] Récuperation de toutes les annonces publiées a réussi /Applications/MAMP/htdocs/UE4-projet/app/models/m_announcement.php
2025-01-25 20:38:09 [INFO] Fichier init chargée /Applications/MAMP/htdocs/UE4-projet/config/init.php
2025-01-25 20:38:09 [INFO] Connexion à la base de donnée réussi /Applications/MAMP/htdocs/UE4-projet/config/database.php
2025-01-25 20:38:09 [INFO] Récuperation de toutes les annonces publiées a réussi /Applications/MAMP/htdocs/UE4-projet/app/models/m_announcement.php
2025-01-25 20:38:10 [INFO] Fichier init chargée /Applications/MAMP/htdocs/UE4-projet/config/init.php
2025-01-25 20:38:10 [INFO] Connexion à la base de donnée réussi /Applications/MAMP/htdocs/UE4-projet/config/database.php
2025-01-25 20:39:28 [INFO] Fichier init chargée /Applications/MAMP/htdocs/UE4-projet/config/init.php
2025-01-25 20:39:28 [INFO] Connexion à la base de donnée réussi /Applications/MAMP/htdocs/UE4-projet/config/database.php
2025-01-25 20:39:28 [INFO] Récuperation de l' utilisateur ID : (1) a réussi /Applications/MAMP/htdocs/UE4-projet/app/models/m_user.php
2025-01-25 20:39:28 [INFO] Récuperation des status réussi /Applications/MAMP/htdocs/UE4-projet/app/models/m_statuses.php
2025-01-25 20:39:28 [INFO] Récuperation de toutes les annonces publiées utilisateu ID (1) a réussi /Applications/MAMP/htdocs/UE4-projet/app/models/m_announcement.php
2025-01-25 20:40:36 [INFO] Fichier init chargée /Applications/MAMP/htdocs/UE4-projet/config/init.php
2025-01-25 20:40:36 [INFO] Connexion à la base de donnée réussi /Applications/MAMP/htdocs/UE4-projet/config/database.php
2025-01-25 20:48:00 [INFO] Fichier init chargée /Applications/MAMP/htdocs/UE4-projet/config/init.php
2025-01-25 20:48:00 [INFO] Connexion à la base de donnée réussi /Applications/MAMP/htdocs/UE4-projet/config/database.php
2025-01-25 20:48:00 [INFO] Récuperation de toutes les annonces publiées a réussi /Applications/MAMP/htdocs/UE4-projet/app/models/m_announcement.php
2025-01-25 20:48:03 [INFO] Fichier init chargée /Applications/MAMP/htdocs/UE4-projet/config/init.php
2025-01-25 20:48:03 [INFO] Connexion à la base de donnée réussi /Applications/MAMP/htdocs/UE4-projet/config/database.php
2025-01-25 20:48:03 [INFO] Récuperation de toutes les annonces publiées a réussi /Applications/MAMP/htdocs/UE4-projet/app/models/m_announcement.php
2025-01-25 20:48:07 [INFO] Fichier init chargée /Applications/MAMP/htdocs/UE4-projet/config/init.php
2025-01-25 20:48:07 [INFO] Connexion à la base de donnée réussi /Applications/MAMP/htdocs/UE4-projet/config/database.php
2025-01-25 20:48:59 [INFO] Fichier init chargée /Applications/MAMP/htdocs/UE4-projet/config/init.php
2025-01-25 20:48:59 [INFO] Connexion à la base de donnée réussi /Applications/MAMP/htdocs/UE4-projet/config/database.php
2025-01-25 20:49:02 [INFO] Fichier init chargée /Applications/MAMP/htdocs/UE4-projet/config/init.php
2025-01-25 20:49:02 [INFO] Connexion à la base de donnée réussi /Applications/MAMP/htdocs/UE4-projet/config/database.php
2025-01-25 20:49:02 [INFO] Récuperation de toutes les annonces publiées a réussi /Applications/MAMP/htdocs/UE4-projet/app/models/m_announcement.php
2025-01-25 20:50:28 [INFO] Fichier init chargée /Applications/MAMP/htdocs/UE4-projet/config/init.php
2025-01-25 20:50:28 [INFO] Connexion à la base de donnée réussi /Applications/MAMP/htdocs/UE4-projet/config/database.php
2025-01-25 20:50:28 [INFO] Récuperation de toutes les annonces publiées a réussi /Applications/MAMP/htdocs/UE4-projet/app/models/m_announcement.php
2025-01-25 20:50:36 [INFO] Fichier init chargée /Applications/MAMP/htdocs/UE4-projet/config/init.php
2025-01-25 20:50:36 [INFO] Connexion à la base de donnée réussi /Applications/MAMP/htdocs/UE4-projet/config/database.php
2025-01-25 20:51:11 [INFO] Fichier init chargée /Applications/MAMP/htdocs/UE4-projet/config/init.php
2025-01-25 20:51:11 [INFO] Connexion à la base de donnée réussi /Applications/MAMP/htdocs/UE4-projet/config/database.php
2025-01-25 20:51:13 [INFO] Fichier init chargée /Applications/MAMP/htdocs/UE4-projet/config/init.php
2025-01-25 20:51:13 [INFO] Connexion à la base de donnée réussi /Applications/MAMP/htdocs/UE4-projet/config/database.php
2025-01-25 20:51:13 [INFO] Récuperation de toutes les annonces publiées a réussi /Applications/MAMP/htdocs/UE4-projet/app/models/m_announcement.php
2025-01-25 20:51:30 [INFO] Fichier init chargée /Applications/MAMP/htdocs/UE4-projet/config/init.php
2025-01-25 20:51:30 [INFO] Connexion à la base de donnée réussi /Applications/MAMP/htdocs/UE4-projet/config/database.php
2025-01-25 20:51:30 [INFO] Récuperation de toutes les annonces publiées a réussi /Applications/MAMP/htdocs/UE4-projet/app/models/m_announcement.php
2025-01-25 20:51:33 [INFO] Fichier init chargée /Applications/MAMP/htdocs/UE4-projet/config/init.php
2025-01-25 20:51:33 [INFO] Connexion à la base de donnée réussi /Applications/MAMP/htdocs/UE4-projet/config/database.php
2025-01-25 20:51:33 [INFO] Récuperation de toutes les annonces publiées a réussi /Applications/MAMP/htdocs/UE4-projet/app/models/m_announcement.php
2025-01-25 20:51:43 [INFO] Fichier init chargée /Applications/MAMP/htdocs/UE4-projet/config/init.php
2025-01-25 20:51:43 [INFO] Connexion à la base de donnée réussi /Applications/MAMP/htdocs/UE4-projet/config/database.php
2025-01-25 20:51:43 [INFO] Récuperation de toutes les annonces publiées a réussi /Applications/MAMP/htdocs/UE4-projet/app/models/m_announcement.php
2025-01-25 20:51:57 [INFO] Fichier init chargée /Applications/MAMP/htdocs/UE4-projet/config/init.php
2025-01-25 20:51:57 [INFO] Connexion à la base de donnée réussi /Applications/MAMP/htdocs/UE4-projet/config/database.php
2025-01-25 20:51:57 [INFO] Récuperation de toutes les annonces publiées a réussi /Applications/MAMP/htdocs/UE4-projet/app/models/m_announcement.php
2025-01-25 20:52:37 [INFO] Fichier init chargée /Applications/MAMP/htdocs/UE4-projet/config/init.php
2025-01-25 20:52:37 [INFO] Connexion à la base de donnée réussi /Applications/MAMP/htdocs/UE4-projet/config/database.php
2025-01-25 20:52:37 [INFO] Récuperation de toutes les annonces publiées a réussi /Applications/MAMP/htdocs/UE4-projet/app/models/m_announcement.php
2025-01-25 20:52:51 [INFO] Fichier init chargée /Applications/MAMP/htdocs/UE4-projet/config/init.php
2025-01-25 20:52:51 [INFO] Connexion à la base de donnée réussi /Applications/MAMP/htdocs/UE4-projet/config/database.php
2025-01-25 20:52:51 [INFO] Récuperation de toutes les annonces publiées a réussi /Applications/MAMP/htdocs/UE4-projet/app/models/m_announcement.php
2025-01-25 20:53:05 [INFO] Fichier init chargée /Applications/MAMP/htdocs/UE4-projet/config/init.php
2025-01-25 20:53:05 [INFO] Connexion à la base de donnée réussi /Applications/MAMP/htdocs/UE4-projet/config/database.php
2025-01-25 20:53:05 [INFO] Récuperation de toutes les annonces publiées a réussi /Applications/MAMP/htdocs/UE4-projet/app/models/m_announcement.php
2025-01-25 20:53:11 [INFO] Fichier init chargée /Applications/MAMP/htdocs/UE4-projet/config/init.php
2025-01-25 20:53:11 [INFO] Connexion à la base de donnée réussi /Applications/MAMP/htdocs/UE4-projet/config/database.php
2025-01-25 20:56:19 [INFO] Fichier init chargée /Applications/MAMP/htdocs/UE4-projet/config/init.php
2025-01-25 20:56:19 [INFO] Connexion à la base de donnée réussi /Applications/MAMP/htdocs/UE4-projet/config/database.php
2025-01-25 20:56:22 [INFO] Fichier init chargée /Applications/MAMP/htdocs/UE4-projet/config/init.php
2025-01-25 20:56:22 [INFO] Connexion à la base de donnée réussi /Applications/MAMP/htdocs/UE4-projet/config/database.php
2025-01-25 20:56:22 [INFO] Récuperation de toutes les annonces publiées a réussi /Applications/MAMP/htdocs/UE4-projet/app/models/m_announcement.php
2025-01-25 20:56:25 [INFO] Fichier init chargée /Applications/MAMP/htdocs/UE4-projet/config/init.php
2025-01-25 20:56:25 [INFO] Connexion à la base de donnée réussi /Applications/MAMP/htdocs/UE4-projet/config/database.php
2025-01-25 20:56:25 [INFO] Récuperation de toutes les annonces publiées a réussi /Applications/MAMP/htdocs/UE4-projet/app/models/m_announcement.php
2025-01-25 20:56:27 [INFO] Fichier init chargée /Applications/MAMP/htdocs/UE4-projet/config/init.php
2025-01-25 20:56:27 [INFO] Connexion à la base de donnée réussi /Applications/MAMP/htdocs/UE4-projet/config/database.php
2025-01-25 20:56:28 [INFO] Fichier init chargée /Applications/MAMP/htdocs/UE4-projet/config/init.php
2025-01-25 20:56:28 [INFO] Connexion à la base de donnée réussi /Applications/MAMP/htdocs/UE4-projet/config/database.php
2025-01-25 20:56:58 [INFO] Fichier init chargée /Applications/MAMP/htdocs/UE4-projet/config/init.php
2025-01-25 20:56:58 [INFO] Connexion à la base de donnée réussi /Applications/MAMP/htdocs/UE4-projet/config/database.php
2025-01-25 20:57:02 [INFO] Fichier init chargée /Applications/MAMP/htdocs/UE4-projet/config/init.php
2025-01-25 20:57:02 [INFO] Connexion à la base de donnée réussi /Applications/MAMP/htdocs/UE4-projet/config/database.php
2025-01-25 20:57:02 [INFO] Récuperation de toutes les annonces publiées a réussi /Applications/MAMP/htdocs/UE4-projet/app/models/m_announcement.php
2025-01-25 20:57:04 [INFO] Fichier init chargée /Applications/MAMP/htdocs/UE4-projet/config/init.php
2025-01-25 20:57:04 [INFO] Connexion à la base de donnée réussi /Applications/MAMP/htdocs/UE4-projet/config/database.php
2025-01-25 21:01:59 [INFO] Fichier init chargée /Applications/MAMP/htdocs/UE4-projet/config/init.php
2025-01-25 21:01:59 [INFO] Connexion à la base de donnée réussi /Applications/MAMP/htdocs/UE4-projet/config/database.php
2025-01-25 21:01:59 [INFO] Récuperation de toutes les annonces publiées a réussi /Applications/MAMP/htdocs/UE4-projet/app/models/m_announcement.php
2025-01-25 21:02:01 [INFO] Fichier init chargée /Applications/MAMP/htdocs/UE4-projet/config/init.php
2025-01-25 21:02:01 [INFO] Connexion à la base de donnée réussi /Applications/MAMP/htdocs/UE4-projet/config/database.php
2025-01-25 21:02:01 [INFO] Récuperation de toutes les annonces publiées a réussi /Applications/MAMP/htdocs/UE4-projet/app/models/m_announcement.php
2025-01-25 21:02:20 [INFO] Fichier init chargée /Applications/MAMP/htdocs/UE4-projet/config/init.php
2025-01-25 21:02:20 [INFO] Connexion à la base de donnée réussi /Applications/MAMP/htdocs/UE4-projet/config/database.php
2025-01-25 21:03:05 [INFO] Fichier init chargée /Applications/MAMP/htdocs/UE4-projet/config/init.php
2025-01-25 21:03:05 [INFO] Connexion à la base de donnée réussi /Applications/MAMP/htdocs/UE4-projet/config/database.php
2025-01-25 21:03:05 [INFO] Récuperation de toutes les annonces publiées a réussi /Applications/MAMP/htdocs/UE4-projet/app/models/m_announcement.php
2025-01-25 21:03:06 [INFO] Fichier init chargée /Applications/MAMP/htdocs/UE4-projet/config/init.php
2025-01-25 21:03:06 [INFO] Connexion à la base de donnée réussi /Applications/MAMP/htdocs/UE4-projet/config/database.php
2025-01-25 21:03:06 [INFO] Récuperation de toutes les annonces publiées a réussi /Applications/MAMP/htdocs/UE4-projet/app/models/m_announcement.php
2025-01-25 21:03:22 [INFO] Fichier init chargée /Applications/MAMP/htdocs/UE4-projet/config/init.php
2025-01-25 21:03:22 [INFO] Connexion à la base de donnée réussi /Applications/MAMP/htdocs/UE4-projet/config/database.php
2025-01-25 21:03:50 [INFO] Fichier init chargée /Applications/MAMP/htdocs/UE4-projet/config/init.php
2025-01-25 21:03:50 [INFO] Connexion à la base de donnée réussi /Applications/MAMP/htdocs/UE4-projet/config/database.php
2025-01-25 21:03:54 [INFO] Fichier init chargée /Applications/MAMP/htdocs/UE4-projet/config/init.php
2025-01-25 21:03:54 [INFO] Connexion à la base de donnée réussi /Applications/MAMP/htdocs/UE4-projet/config/database.php
2025-01-25 21:03:54 [INFO] Récuperation de toutes les annonces publiées a réussi /Applications/MAMP/htdocs/UE4-projet/app/models/m_announcement.php
2025-01-25 21:03:56 [INFO] Fichier init chargée /Applications/MAMP/htdocs/UE4-projet/config/init.php
2025-01-25 21:03:56 [INFO] Connexion à la base de donnée réussi /Applications/MAMP/htdocs/UE4-projet/config/database.php
2025-01-25 21:03:58 [INFO] Fichier init chargée /Applications/MAMP/htdocs/UE4-projet/config/init.php
2025-01-25 21:03:58 [INFO] Connexion à la base de donnée réussi /Applications/MAMP/htdocs/UE4-projet/config/database.php
2025-01-25 21:03:58 [INFO] Récuperation de toutes les annonces publiées a réussi /Applications/MAMP/htdocs/UE4-projet/app/models/m_announcement.php
2025-01-25 21:04:02 [INFO] Fichier init chargée /Applications/MAMP/htdocs/UE4-projet/config/init.php
2025-01-25 21:04:02 [INFO] Connexion à la base de donnée réussi /Applications/MAMP/htdocs/UE4-projet/config/database.php
2025-01-25 21:04:02 [INFO] Récuperation de toutes les annonces publiées a réussi /Applications/MAMP/htdocs/UE4-projet/app/models/m_announcement.php
2025-01-25 21:04:17 [INFO] Fichier init chargée /Applications/MAMP/htdocs/UE4-projet/config/init.php
2025-01-25 21:04:17 [INFO] Connexion à la base de donnée réussi /Applications/MAMP/htdocs/UE4-projet/config/database.php
2025-01-25 21:04:45 [INFO] Fichier init chargée /Applications/MAMP/htdocs/UE4-projet/config/init.php
2025-01-25 21:04:45 [INFO] Connexion à la base de donnée réussi /Applications/MAMP/htdocs/UE4-projet/config/database.php
2025-01-25 21:04:47 [INFO] Fichier init chargée /Applications/MAMP/htdocs/UE4-projet/config/init.php
2025-01-25 21:04:47 [INFO] Connexion à la base de donnée réussi /Applications/MAMP/htdocs/UE4-projet/config/database.php
2025-01-25 21:04:47 [INFO] Récuperation de toutes les annonces publiées a réussi /Applications/MAMP/htdocs/UE4-projet/app/models/m_announcement.php
2025-01-25 21:04:50 [INFO] Fichier init chargée /Applications/MAMP/htdocs/UE4-projet/config/init.php
2025-01-25 21:04:50 [INFO] Connexion à la base de donnée réussi /Applications/MAMP/htdocs/UE4-projet/config/database.php
2025-01-25 21:04:50 [INFO] Récuperation de toutes les annonces publiées a réussi /Applications/MAMP/htdocs/UE4-projet/app/models/m_announcement.php
2025-01-25 21:04:51 [INFO] Fichier init chargée /Applications/MAMP/htdocs/UE4-projet/config/init.php
2025-01-25 21:04:51 [INFO] Connexion à la base de donnée réussi /Applications/MAMP/htdocs/UE4-projet/config/database.php
2025-01-25 21:04:51 [INFO] Récuperation de l' utilisateur ID : (1) a réussi /Applications/MAMP/htdocs/UE4-projet/app/models/m_user.php
2025-01-25 21:04:51 [INFO] Récuperation des status réussi /Applications/MAMP/htdocs/UE4-projet/app/models/m_statuses.php
2025-01-25 21:04:51 [INFO] Récuperation de toutes les annonces publiées utilisateu ID (1) a réussi /Applications/MAMP/htdocs/UE4-projet/app/models/m_announcement.php
2025-01-25 21:04:53 [INFO] Fichier init chargée /Applications/MAMP/htdocs/UE4-projet/config/init.php
2025-01-25 21:04:53 [INFO] Connexion à la base de donnée réussi /Applications/MAMP/htdocs/UE4-projet/config/database.php
2025-01-25 21:05:45 [INFO] Fichier init chargée /Applications/MAMP/htdocs/UE4-projet/config/init.php
2025-01-25 21:05:45 [INFO] Connexion à la base de donnée réussi /Applications/MAMP/htdocs/UE4-projet/config/database.php
2025-01-25 21:05:45 [INFO] Récuperation de toutes les annonces publiées a réussi /Applications/MAMP/htdocs/UE4-projet/app/models/m_announcement.php
2025-01-25 21:05:46 [INFO] Fichier init chargée /Applications/MAMP/htdocs/UE4-projet/config/init.php
2025-01-25 21:05:46 [INFO] Connexion à la base de donnée réussi /Applications/MAMP/htdocs/UE4-projet/config/database.php
2025-01-25 21:05:46 [INFO] Récuperation de toutes les annonces publiées a réussi /Applications/MAMP/htdocs/UE4-projet/app/models/m_announcement.php
2025-01-25 21:05:54 [INFO] Fichier init chargée /Applications/MAMP/htdocs/UE4-projet/config/init.php
2025-01-25 21:05:54 [INFO] Connexion à la base de donnée réussi /Applications/MAMP/htdocs/UE4-projet/config/database.php
2025-01-25 21:06:01 [INFO] Fichier init chargée /Applications/MAMP/htdocs/UE4-projet/config/init.php
2025-01-25 21:06:01 [INFO] Connexion à la base de donnée réussi /Applications/MAMP/htdocs/UE4-projet/config/database.php
2025-01-25 21:06:01 [INFO] Récuperation de toutes les annonces publiées a réussi /Applications/MAMP/htdocs/UE4-projet/app/models/m_announcement.php
2025-01-25 21:06:05 [INFO] Fichier init chargée /Applications/MAMP/htdocs/UE4-projet/config/init.php
2025-01-25 21:06:05 [INFO] Connexion à la base de donnée réussi /Applications/MAMP/htdocs/UE4-projet/config/database.php
2025-01-25 21:06:10 [INFO] Fichier init chargée /Applications/MAMP/htdocs/UE4-projet/config/init.php
2025-01-25 21:06:10 [INFO] Connexion à la base de donnée réussi /Applications/MAMP/htdocs/UE4-projet/config/database.php
2025-01-25 21:06:10 [INFO] Récuperation de toutes les annonces publiées a réussi /Applications/MAMP/htdocs/UE4-projet/app/models/m_announcement.php
2025-01-25 21:06:14 [INFO] Fichier init chargée /Applications/MAMP/htdocs/UE4-projet/config/init.php
2025-01-25 21:06:14 [INFO] Connexion à la base de donnée réussi /Applications/MAMP/htdocs/UE4-projet/config/database.php
2025-01-25 21:06:25 [INFO] Fichier init chargée /Applications/MAMP/htdocs/UE4-projet/config/init.php
2025-01-25 21:06:25 [INFO] Connexion à la base de donnée réussi /Applications/MAMP/htdocs/UE4-projet/config/database.php
2025-01-25 21:06:25 [INFO] Récuperation de toutes les annonces publiées a réussi /Applications/MAMP/htdocs/UE4-projet/app/models/m_announcement.php
2025-01-25 21:06:29 [INFO] Fichier init chargée /Applications/MAMP/htdocs/UE4-projet/config/init.php
2025-01-25 21:06:29 [INFO] Connexion à la base de donnée réussi /Applications/MAMP/htdocs/UE4-projet/config/database.php
2025-01-25 21:06:32 [INFO] Fichier init chargée /Applications/MAMP/htdocs/UE4-projet/config/init.php
2025-01-25 21:06:32 [INFO] Connexion à la base de donnée réussi /Applications/MAMP/htdocs/UE4-projet/config/database.php
2025-01-25 21:06:32 [INFO] Récuperation de toutes les annonces publiées a réussi /Applications/MAMP/htdocs/UE4-projet/app/models/m_announcement.php
2025-01-25 21:06:36 [INFO] Fichier init chargée /Applications/MAMP/htdocs/UE4-projet/config/init.php
2025-01-25 21:06:36 [INFO] Connexion à la base de donnée réussi /Applications/MAMP/htdocs/UE4-projet/config/database.php
2025-01-25 21:07:13 [INFO] Fichier init chargée /Applications/MAMP/htdocs/UE4-projet/config/init.php
2025-01-25 21:07:13 [INFO] Connexion à la base de donnée réussi /Applications/MAMP/htdocs/UE4-projet/config/database.php
2025-01-25 21:07:30 [INFO] Fichier init chargée /Applications/MAMP/htdocs/UE4-projet/config/init.php
2025-01-25 21:07:30 [INFO] Connexion à la base de donnée réussi /Applications/MAMP/htdocs/UE4-projet/config/database.php
2025-01-25 21:08:21 [INFO] Fichier init chargée /Applications/MAMP/htdocs/UE4-projet/config/init.php
2025-01-25 21:08:21 [INFO] Connexion à la base de donnée réussi /Applications/MAMP/htdocs/UE4-projet/config/database.php
2025-01-25 21:08:21 [INFO] Récuperation de toutes les annonces publiées a réussi /Applications/MAMP/htdocs/UE4-projet/app/models/m_announcement.php
2025-01-25 21:08:33 [INFO] Fichier init chargée /Applications/MAMP/htdocs/UE4-projet/config/init.php
2025-01-25 21:08:33 [INFO] Connexion à la base de donnée réussi /Applications/MAMP/htdocs/UE4-projet/config/database.php
2025-01-25 21:08:44 [INFO] Fichier init chargée /Applications/MAMP/htdocs/UE4-projet/config/init.php
2025-01-25 21:08:44 [INFO] Connexion à la base de donnée réussi /Applications/MAMP/htdocs/UE4-projet/config/database.php
2025-01-25 21:08:47 [INFO] Fichier init chargée /Applications/MAMP/htdocs/UE4-projet/config/init.php
2025-01-25 21:08:47 [INFO] Connexion à la base de donnée réussi /Applications/MAMP/htdocs/UE4-projet/config/database.php
2025-01-25 21:08:47 [INFO] Récuperation de toutes les annonces publiées a réussi /Applications/MAMP/htdocs/UE4-projet/app/models/m_announcement.php
2025-01-25 21:08:51 [INFO] Fichier init chargée /Applications/MAMP/htdocs/UE4-projet/config/init.php
2025-01-25 21:08:51 [INFO] Connexion à la base de donnée réussi /Applications/MAMP/htdocs/UE4-projet/config/database.php
2025-01-25 21:11:06 [INFO] Fichier init chargée /Applications/MAMP/htdocs/UE4-projet/config/init.php
2025-01-25 21:11:06 [INFO] Connexion à la base de donnée réussi /Applications/MAMP/htdocs/UE4-projet/config/database.php
2025-01-25 21:13:10 [INFO] Fichier init chargée /Applications/MAMP/htdocs/UE4-projet/config/init.php
2025-01-25 21:13:10 [INFO] Connexion à la base de donnée réussi /Applications/MAMP/htdocs/UE4-projet/config/database.php
2025-01-25 21:13:15 [INFO] Fichier init chargée /Applications/MAMP/htdocs/UE4-projet/config/init.php
2025-01-25 21:13:15 [INFO] Connexion à la base de donnée réussi /Applications/MAMP/htdocs/UE4-projet/config/database.php
2025-01-25 21:13:15 [INFO] Récuperation de toutes les annonces publiées a réussi /Applications/MAMP/htdocs/UE4-projet/app/models/m_announcement.php
2025-01-25 21:13:21 [INFO] Fichier init chargée /Applications/MAMP/htdocs/UE4-projet/config/init.php
2025-01-25 21:13:21 [INFO] Connexion à la base de donnée réussi /Applications/MAMP/htdocs/UE4-projet/config/database.php
2025-01-25 21:13:21 [INFO] Récuperation de toutes les annonces publiées a réussi /Applications/MAMP/htdocs/UE4-projet/app/models/m_announcement.php
2025-01-25 21:13:38 [INFO] Fichier init chargée /Applications/MAMP/htdocs/UE4-projet/config/init.php
2025-01-25 21:13:38 [INFO] Connexion à la base de donnée réussi /Applications/MAMP/htdocs/UE4-projet/config/database.php
2025-01-25 21:18:48 [INFO] Fichier init chargée /Applications/MAMP/htdocs/UE4-projet/config/init.php
2025-01-25 21:18:48 [INFO] Connexion à la base de donnée réussi /Applications/MAMP/htdocs/UE4-projet/config/database.php
2025-01-25 21:19:14 [INFO] Fichier init chargée /Applications/MAMP/htdocs/UE4-projet/config/init.php
2025-01-25 21:19:14 [INFO] Connexion à la base de donnée réussi /Applications/MAMP/htdocs/UE4-projet/config/database.php
2025-01-25 21:19:14 [INFO] Récuperation de toutes les annonces publiées a réussi /Applications/MAMP/htdocs/UE4-projet/app/models/m_announcement.php
2025-01-25 21:19:15 [INFO] Fichier init chargée /Applications/MAMP/htdocs/UE4-projet/config/init.php
2025-01-25 21:19:15 [INFO] Connexion à la base de donnée réussi /Applications/MAMP/htdocs/UE4-projet/config/database.php
2025-01-25 21:35:09 [INFO] Fichier init chargée /Applications/MAMP/htdocs/UE4-projet/config/init.php
2025-01-25 21:35:09 [INFO] Connexion à la base de donnée réussi /Applications/MAMP/htdocs/UE4-projet/config/database.php
2025-01-25 21:35:15 [INFO] Fichier init chargée /Applications/MAMP/htdocs/UE4-projet/config/init.php
2025-01-25 21:35:15 [INFO] Connexion à la base de donnée réussi /Applications/MAMP/htdocs/UE4-projet/config/database.php
2025-01-25 21:35:15 [INFO] Récuperation de toutes les annonces publiées a réussi /Applications/MAMP/htdocs/UE4-projet/app/models/m_announcement.php
2025-01-25 21:35:22 [INFO] Fichier init chargée /Applications/MAMP/htdocs/UE4-projet/config/init.php
2025-01-25 21:35:22 [INFO] Connexion à la base de donnée réussi /Applications/MAMP/htdocs/UE4-projet/config/database.php
2025-01-25 21:50:37 [INFO] Fichier init chargée /Applications/MAMP/htdocs/UE4-projet/config/init.php
2025-01-25 21:50:37 [INFO] Connexion à la base de donnée réussi /Applications/MAMP/htdocs/UE4-projet/config/database.php
2025-01-25 21:50:48 [INFO] Fichier init chargée /Applications/MAMP/htdocs/UE4-projet/config/init.php
2025-01-25 21:50:48 [INFO] Connexion à la base de donnée réussi /Applications/MAMP/htdocs/UE4-projet/config/database.php
2025-01-25 21:51:10 [INFO] Fichier init chargée /Applications/MAMP/htdocs/UE4-projet/config/init.php
2025-01-25 21:51:10 [INFO] Connexion à la base de donnée réussi /Applications/MAMP/htdocs/UE4-projet/config/database.php
2025-01-25 21:51:39 [INFO] Fichier init chargée /Applications/MAMP/htdocs/UE4-projet/config/init.php
2025-01-25 21:51:39 [INFO] Connexion à la base de donnée réussi /Applications/MAMP/htdocs/UE4-projet/config/database.php
2025-01-25 21:51:40 [INFO] Fichier init chargée /Applications/MAMP/htdocs/UE4-projet/config/init.php
2025-01-25 21:51:40 [INFO] Connexion à la base de donnée réussi /Applications/MAMP/htdocs/UE4-projet/config/database.php
2025-01-25 21:51:40 [INFO] Récuperation de toutes les annonces publiées a réussi /Applications/MAMP/htdocs/UE4-projet/app/models/m_announcement.php
2025-01-25 21:51:45 [INFO] Fichier init chargée /Applications/MAMP/htdocs/UE4-projet/config/init.php
2025-01-25 21:51:45 [INFO] Connexion à la base de donnée réussi /Applications/MAMP/htdocs/UE4-projet/config/database.php
2025-01-25 21:51:51 [INFO] Fichier init chargée /Applications/MAMP/htdocs/UE4-projet/config/init.php
2025-01-25 21:51:51 [INFO] Connexion à la base de donnée réussi /Applications/MAMP/htdocs/UE4-projet/config/database.php
2025-01-25 21:51:51 [INFO] Récuperation de toutes les annonces publiées a réussi /Applications/MAMP/htdocs/UE4-projet/app/models/m_announcement.php
2025-01-25 21:52:14 [INFO] Fichier init chargée /Applications/MAMP/htdocs/UE4-projet/config/init.php
2025-01-25 21:52:14 [INFO] Connexion à la base de donnée réussi /Applications/MAMP/htdocs/UE4-projet/config/database.php
2025-01-25 21:52:14 [INFO] Récuperation de toutes les annonces publiées a réussi /Applications/MAMP/htdocs/UE4-projet/app/models/m_announcement.php
2025-01-25 21:52:25 [INFO] Fichier init chargée /Applications/MAMP/htdocs/UE4-projet/config/init.php
2025-01-25 21:52:25 [INFO] Connexion à la base de donnée réussi /Applications/MAMP/htdocs/UE4-projet/config/database.php
2025-01-25 21:54:05 [INFO] Fichier init chargée /Applications/MAMP/htdocs/UE4-projet/config/init.php
2025-01-25 21:54:05 [INFO] Connexion à la base de donnée réussi /Applications/MAMP/htdocs/UE4-projet/config/database.php
2025-01-25 21:54:05 [INFO] Récuperation de toutes les annonces publiées a réussi /Applications/MAMP/htdocs/UE4-projet/app/models/m_announcement.php
2025-01-25 21:54:06 [INFO] Fichier init chargée /Applications/MAMP/htdocs/UE4-projet/config/init.php
2025-01-25 21:54:06 [INFO] Connexion à la base de donnée réussi /Applications/MAMP/htdocs/UE4-projet/config/database.php
2025-01-25 21:54:06 [INFO] Récuperation de l'annonce  ID : (3) a  réussi /Applications/MAMP/htdocs/UE4-projet/app/models/m_announcement.php
2025-01-25 21:56:38 [INFO] Fichier init chargée /Applications/MAMP/htdocs/UE4-projet/config/init.php
2025-01-25 21:56:38 [INFO] Connexion à la base de donnée réussi /Applications/MAMP/htdocs/UE4-projet/config/database.php
2025-01-25 21:56:38 [INFO] Récuperation de l' utilisateur ID : (1) a réussi /Applications/MAMP/htdocs/UE4-projet/app/models/m_user.php
2025-01-25 21:56:38 [INFO] Récuperation des status réussi /Applications/MAMP/htdocs/UE4-projet/app/models/m_statuses.php
2025-01-25 21:56:38 [INFO] Récuperation de toutes les annonces publiées utilisateu ID (1) a réussi /Applications/MAMP/htdocs/UE4-projet/app/models/m_announcement.php
2025-01-25 21:56:41 [INFO] Fichier init chargée /Applications/MAMP/htdocs/UE4-projet/config/init.php
2025-01-25 21:56:41 [INFO] Connexion à la base de donnée réussi /Applications/MAMP/htdocs/UE4-projet/config/database.php
2025-01-25 21:56:41 [INFO] Récuperation de toutes les annonces publiées a réussi /Applications/MAMP/htdocs/UE4-projet/app/models/m_announcement.php
2025-01-25 21:56:43 [INFO] Fichier init chargée /Applications/MAMP/htdocs/UE4-projet/config/init.php
2025-01-25 21:56:43 [INFO] Connexion à la base de donnée réussi /Applications/MAMP/htdocs/UE4-projet/config/database.php
2025-01-25 21:56:43 [INFO] Récuperation de l'annonce  ID : (4) a  réussi /Applications/MAMP/htdocs/UE4-projet/app/models/m_announcement.php
2025-01-25 21:58:28 [INFO] Fichier init chargée /Applications/MAMP/htdocs/UE4-projet/config/init.php
2025-01-25 21:58:28 [INFO] Connexion à la base de donnée réussi /Applications/MAMP/htdocs/UE4-projet/config/database.php
2025-01-25 21:58:28 [INFO] Récuperation de l'annonce  ID : (4) a  réussi /Applications/MAMP/htdocs/UE4-projet/app/models/m_announcement.php
2025-01-25 21:58:40 [INFO] Fichier init chargée /Applications/MAMP/htdocs/UE4-projet/config/init.php
2025-01-25 21:58:40 [INFO] Connexion à la base de donnée réussi /Applications/MAMP/htdocs/UE4-projet/config/database.php
2025-01-25 21:58:51 [INFO] Fichier init chargée /Applications/MAMP/htdocs/UE4-projet/config/init.php
2025-01-25 21:58:51 [INFO] Connexion à la base de donnée réussi /Applications/MAMP/htdocs/UE4-projet/config/database.php
2025-01-25 21:58:51 [INFO] Récuperation de toutes les annonces publiées a réussi /Applications/MAMP/htdocs/UE4-projet/app/models/m_announcement.php
2025-01-25 21:58:58 [INFO] Fichier init chargée /Applications/MAMP/htdocs/UE4-projet/config/init.php
2025-01-25 21:58:58 [INFO] Connexion à la base de donnée réussi /Applications/MAMP/htdocs/UE4-projet/config/database.php
2025-01-25 21:58:58 [INFO] Récuperation de l'annonce  ID : (4) a  réussi /Applications/MAMP/htdocs/UE4-projet/app/models/m_announcement.php
2025-01-25 21:59:02 [INFO] Fichier init chargée /Applications/MAMP/htdocs/UE4-projet/config/init.php
2025-01-25 21:59:02 [INFO] Connexion à la base de donnée réussi /Applications/MAMP/htdocs/UE4-projet/config/database.php
2025-01-25 21:59:46 [INFO] Fichier init chargée /Applications/MAMP/htdocs/UE4-projet/config/init.php
2025-01-25 21:59:46 [INFO] Connexion à la base de donnée réussi /Applications/MAMP/htdocs/UE4-projet/config/database.php
2025-01-25 21:59:53 [INFO] Fichier init chargée /Applications/MAMP/htdocs/UE4-projet/config/init.php
2025-01-25 21:59:53 [INFO] Connexion à la base de donnée réussi /Applications/MAMP/htdocs/UE4-projet/config/database.php
2025-01-25 22:00:45 [INFO] Fichier init chargée /Applications/MAMP/htdocs/UE4-projet/config/init.php
2025-01-25 22:00:45 [INFO] Connexion à la base de donnée réussi /Applications/MAMP/htdocs/UE4-projet/config/database.php
2025-01-25 22:00:45 [INFO] Récuperation de toutes les annonces publiées a réussi /Applications/MAMP/htdocs/UE4-projet/app/models/m_announcement.php
2025-01-25 22:13:02 [INFO] Fichier init chargée /Applications/MAMP/htdocs/UE4-projet/config/init.php
2025-01-25 22:13:02 [INFO] Connexion à la base de donnée réussi /Applications/MAMP/htdocs/UE4-projet/config/database.php
2025-01-25 22:13:02 [INFO] Récuperation de toutes les annonces publiées a réussi /Applications/MAMP/htdocs/UE4-projet/app/models/m_announcement.php
2025-01-25 22:13:05 [INFO] Fichier init chargée /Applications/MAMP/htdocs/UE4-projet/config/init.php
2025-01-25 22:13:05 [INFO] Connexion à la base de donnée réussi /Applications/MAMP/htdocs/UE4-projet/config/database.php
2025-01-25 22:13:12 [INFO] Fichier init chargée /Applications/MAMP/htdocs/UE4-projet/config/init.php
2025-01-25 22:13:12 [INFO] Connexion à la base de donnée réussi /Applications/MAMP/htdocs/UE4-projet/config/database.php
2025-01-25 22:13:12 [INFO] Fichier init chargée /Applications/MAMP/htdocs/UE4-projet/config/init.php
2025-01-25 22:13:12 [INFO] Connexion à la base de donnée réussi /Applications/MAMP/htdocs/UE4-projet/config/database.php
2025-01-25 22:13:19 [INFO] Fichier init chargée /Applications/MAMP/htdocs/UE4-projet/config/init.php
2025-01-25 22:13:19 [INFO] Connexion à la base de donnée réussi /Applications/MAMP/htdocs/UE4-projet/config/database.php
2025-01-25 22:13:19 [INFO] Récuperation des informations de l'admin a réussi /Applications/MAMP/htdocs/UE4-projet/app/models/m_user.php
2025-01-25 22:13:22 [INFO] Fichier init chargée /Applications/MAMP/htdocs/UE4-projet/config/init.php
2025-01-25 22:13:22 [INFO] Connexion à la base de donnée réussi /Applications/MAMP/htdocs/UE4-projet/config/database.php
2025-01-25 22:13:22 [INFO] Récuperation de toutes les annonces publiées a réussi /Applications/MAMP/htdocs/UE4-projet/app/models/m_announcement.php
2025-01-25 22:13:22 [INFO] Récuperation des utilisateurs a réussi /Applications/MAMP/htdocs/UE4-projet/app/models/m_user.php
2025-01-25 22:13:22 [INFO] Récuperation des catégories  réussi /Applications/MAMP/htdocs/UE4-projet/app/models/m_category.php
2025-01-25 22:13:22 [INFO] Récuperation des status réussi /Applications/MAMP/htdocs/UE4-projet/app/models/m_statuses.php
2025-01-25 22:13:26 [INFO] Fichier init chargée /Applications/MAMP/htdocs/UE4-projet/config/init.php
2025-01-25 22:13:26 [INFO] Connexion à la base de donnée réussi /Applications/MAMP/htdocs/UE4-projet/config/database.php
2025-01-25 22:13:34 [INFO] Fichier init chargée /Applications/MAMP/htdocs/UE4-projet/config/init.php
2025-01-25 22:13:34 [INFO] Connexion à la base de donnée réussi /Applications/MAMP/htdocs/UE4-projet/config/database.php
2025-01-25 22:13:34 [INFO] Fichier init chargée /Applications/MAMP/htdocs/UE4-projet/config/init.php
2025-01-25 22:13:34 [INFO] Connexion à la base de donnée réussi /Applications/MAMP/htdocs/UE4-projet/config/database.php
2025-01-25 22:36:32 [INFO] Fichier init chargée /Applications/MAMP/htdocs/UE4-projet/config/init.php
2025-01-25 22:36:35 [INFO] Fichier init chargée /Applications/MAMP/htdocs/UE4-projet/config/init.php
2025-01-25 22:36:44 [INFO] Fichier init chargée /Applications/MAMP/htdocs/UE4-projet/config/init.php
2025-01-25 22:41:35 [INFO] Fichier init chargée /Applications/MAMP/htdocs/UE4-projet/config/init.php
2025-01-25 22:42:04 [INFO] Fichier init chargée /Applications/MAMP/htdocs/UE4-projet/config/init.php
2025-01-25 22:42:12 [INFO] Fichier init chargée /Applications/MAMP/htdocs/UE4-projet/config/init.php
2025-01-25 22:42:12 [INFO] Fichier init chargée /Applications/MAMP/htdocs/UE4-projet/config/init.php
2025-01-25 22:42:25 [INFO] Fichier init chargée /Applications/MAMP/htdocs/UE4-projet/config/init.php
2025-01-25 22:44:11 [INFO] Fichier init chargée /Applications/MAMP/htdocs/UE4-projet/config/init.php
2025-01-25 22:44:11 [INFO] Connexion à la base de donnée réussi /Applications/MAMP/htdocs/UE4-projet/config/database.php
2025-01-25 22:44:11 [INFO] Récuperation de toutes les annonces publiées a réussi /Applications/MAMP/htdocs/UE4-projet/app/models/m_announcement.php
2025-01-25 22:44:23 [INFO] Fichier init chargée /Applications/MAMP/htdocs/UE4-projet/config/init.php
2025-01-25 22:44:23 [INFO] Connexion à la base de donnée réussi /Applications/MAMP/htdocs/UE4-projet/config/database.php
2025-01-25 22:44:23 [INFO] Récuperation de toutes les annonces publiées a réussi /Applications/MAMP/htdocs/UE4-projet/app/models/m_announcement.php
2025-01-25 22:45:04 [INFO] Fichier init chargée /Applications/MAMP/htdocs/UE4-projet/config/init.php
2025-01-25 22:45:04 [INFO] Connexion à la base de donnée réussi /Applications/MAMP/htdocs/UE4-projet/config/database.php
2025-01-25 22:45:04 [INFO] Récuperation de l'annonce  ID : (6) a  réussi /Applications/MAMP/htdocs/UE4-projet/app/models/m_announcement.php
2025-01-25 22:45:26 [INFO] Fichier init chargée /Applications/MAMP/htdocs/UE4-projet/config/init.php
2025-01-25 22:45:26 [INFO] Connexion à la base de donnée réussi /Applications/MAMP/htdocs/UE4-projet/config/database.php
2025-01-25 22:45:29 [INFO] Fichier init chargée /Applications/MAMP/htdocs/UE4-projet/config/init.php
2025-01-25 22:45:29 [INFO] Connexion à la base de donnée réussi /Applications/MAMP/htdocs/UE4-projet/config/database.php
2025-01-25 22:46:42 [INFO] Fichier init chargée /Applications/MAMP/htdocs/UE4-projet/config/init.php
2025-01-25 22:46:42 [INFO] Connexion à la base de donnée réussi /Applications/MAMP/htdocs/UE4-projet/config/database.php
2025-01-25 22:57:09 [INFO] Fichier init chargée /Applications/MAMP/htdocs/UE4-projet/config/init.php
2025-01-25 22:57:09 [INFO] Connexion à la base de donnée réussi /Applications/MAMP/htdocs/UE4-projet/config/database.php
2025-01-25 22:57:14 [INFO] Fichier init chargée /Applications/MAMP/htdocs/UE4-projet/config/init.php
2025-01-25 22:57:14 [INFO] Connexion à la base de donnée réussi /Applications/MAMP/htdocs/UE4-projet/config/database.php
2025-01-25 22:57:15 [INFO] Fichier init chargée /Applications/MAMP/htdocs/UE4-projet/config/init.php
2025-01-25 22:57:15 [INFO] Connexion à la base de donnée réussi /Applications/MAMP/htdocs/UE4-projet/config/database.php
2025-01-25 22:58:41 [INFO] Fichier init chargée /Applications/MAMP/htdocs/UE4-projet/config/init.php
2025-01-25 22:58:41 [INFO] Connexion à la base de donnée réussi /Applications/MAMP/htdocs/UE4-projet/config/database.php
2025-01-25 22:58:45 [INFO] Fichier init chargée /Applications/MAMP/htdocs/UE4-projet/config/init.php
2025-01-25 22:58:45 [INFO] Connexion à la base de donnée réussi /Applications/MAMP/htdocs/UE4-projet/config/database.php
2025-01-25 22:58:53 [INFO] Fichier init chargée /Applications/MAMP/htdocs/UE4-projet/config/init.php
2025-01-25 22:58:53 [INFO] Connexion à la base de donnée réussi /Applications/MAMP/htdocs/UE4-projet/config/database.php
